==14043== Memcheck, a memory error detector
==14043== Copyright (C) 2002-2017, and GNU GPL'd, by Julian Seward et al.
==14043== Using Valgrind-3.15.0 and LibVEX; rerun with -h for copyright info
==14043== Command: ./embeddedlab
==14043== Parent PID: 7364
==14043== 
==14043== Use of uninitialised value of size 8
==14043==    at 0x12108E: getSBoxValue(unsigned char) (aes.cpp:148)
==14043==    by 0x121219: KeyExpansion() (aes.cpp:191)
==14043==    by 0x12236E: AES128_ECB_encrypt(unsigned char*, unsigned char const*, unsigned char*) (aes.cpp:449)
==14043==    by 0x1222C4: AES128_ECB_encrypt_buffer(unsigned char*, unsigned char*, unsigned int, unsigned char const*) (aes.cpp:434)
==14043==    by 0x12C5CB: UserDatabase::saveDatabaseToDisk() (userControl.cpp:83)
==14043==    by 0x12C548: UserDatabase::initializeDefaultDatabase() (userControl.cpp:69)
==14043==    by 0x12C33B: UserDatabase::loadUserDatabase(char const*) (userControl.cpp:29)
==14043==    by 0x11FFB9: unitTestUserControl() (unitTest.cpp:138)
==14043==    by 0x11F639: runUnitTest() (unitTest.cpp:45)
==14043==    by 0x11983D: main (main.cpp:67)
==14043== 
==14043== Use of uninitialised value of size 8
==14043==    at 0x12108E: getSBoxValue(unsigned char) (aes.cpp:148)
==14043==    by 0x12122A: KeyExpansion() (aes.cpp:192)
==14043==    by 0x12236E: AES128_ECB_encrypt(unsigned char*, unsigned char const*, unsigned char*) (aes.cpp:449)
==14043==    by 0x1222C4: AES128_ECB_encrypt_buffer(unsigned char*, unsigned char*, unsigned int, unsigned char const*) (aes.cpp:434)
==14043==    by 0x12C5CB: UserDatabase::saveDatabaseToDisk() (userControl.cpp:83)
==14043==    by 0x12C548: UserDatabase::initializeDefaultDatabase() (userControl.cpp:69)
==14043==    by 0x12C33B: UserDatabase::loadUserDatabase(char const*) (userControl.cpp:29)
==14043==    by 0x11FFB9: unitTestUserControl() (unitTest.cpp:138)
==14043==    by 0x11F639: runUnitTest() (unitTest.cpp:45)
==14043==    by 0x11983D: main (main.cpp:67)
==14043== 
==14043== Use of uninitialised value of size 8
==14043==    at 0x12108E: getSBoxValue(unsigned char) (aes.cpp:148)
==14043==    by 0x12123B: KeyExpansion() (aes.cpp:193)
==14043==    by 0x12236E: AES128_ECB_encrypt(unsigned char*, unsigned char const*, unsigned char*) (aes.cpp:449)
==14043==    by 0x1222C4: AES128_ECB_encrypt_buffer(unsigned char*, unsigned char*, unsigned int, unsigned char const*) (aes.cpp:434)
==14043==    by 0x12C5CB: UserDatabase::saveDatabaseToDisk() (userControl.cpp:83)
==14043==    by 0x12C548: UserDatabase::initializeDefaultDatabase() (userControl.cpp:69)
==14043==    by 0x12C33B: UserDatabase::loadUserDatabase(char const*) (userControl.cpp:29)
==14043==    by 0x11FFB9: unitTestUserControl() (unitTest.cpp:138)
==14043==    by 0x11F639: runUnitTest() (unitTest.cpp:45)
==14043==    by 0x11983D: main (main.cpp:67)
==14043== 
==14043== Use of uninitialised value of size 8
==14043==    at 0x12108E: getSBoxValue(unsigned char) (aes.cpp:148)
==14043==    by 0x12124C: KeyExpansion() (aes.cpp:194)
==14043==    by 0x12236E: AES128_ECB_encrypt(unsigned char*, unsigned char const*, unsigned char*) (aes.cpp:449)
==14043==    by 0x1222C4: AES128_ECB_encrypt_buffer(unsigned char*, unsigned char*, unsigned int, unsigned char const*) (aes.cpp:434)
==14043==    by 0x12C5CB: UserDatabase::saveDatabaseToDisk() (userControl.cpp:83)
==14043==    by 0x12C548: UserDatabase::initializeDefaultDatabase() (userControl.cpp:69)
==14043==    by 0x12C33B: UserDatabase::loadUserDatabase(char const*) (userControl.cpp:29)
==14043==    by 0x11FFB9: unitTestUserControl() (unitTest.cpp:138)
==14043==    by 0x11F639: runUnitTest() (unitTest.cpp:45)
==14043==    by 0x11983D: main (main.cpp:67)
==14043== 
==14043== Use of uninitialised value of size 8
==14043==    at 0x12108E: getSBoxValue(unsigned char) (aes.cpp:148)
==14043==    by 0x12145D: SubBytes() (aes.cpp:231)
==14043==    by 0x1221A5: Cipher() (aes.cpp:382)
==14043==    by 0x122373: AES128_ECB_encrypt(unsigned char*, unsigned char const*, unsigned char*) (aes.cpp:452)
==14043==    by 0x1222C4: AES128_ECB_encrypt_buffer(unsigned char*, unsigned char*, unsigned int, unsigned char const*) (aes.cpp:434)
==14043==    by 0x12C5CB: UserDatabase::saveDatabaseToDisk() (userControl.cpp:83)
==14043==    by 0x12C548: UserDatabase::initializeDefaultDatabase() (userControl.cpp:69)
==14043==    by 0x12C33B: UserDatabase::loadUserDatabase(char const*) (userControl.cpp:29)
==14043==    by 0x11FFB9: unitTestUserControl() (unitTest.cpp:138)
==14043==    by 0x11F639: runUnitTest() (unitTest.cpp:45)
==14043==    by 0x11983D: main (main.cpp:67)
==14043== 
==14043== Use of uninitialised value of size 8
==14043==    at 0x12108E: getSBoxValue(unsigned char) (aes.cpp:148)
==14043==    by 0x12145D: SubBytes() (aes.cpp:231)
==14043==    by 0x1221C5: Cipher() (aes.cpp:390)
==14043==    by 0x122373: AES128_ECB_encrypt(unsigned char*, unsigned char const*, unsigned char*) (aes.cpp:452)
==14043==    by 0x1222C4: AES128_ECB_encrypt_buffer(unsigned char*, unsigned char*, unsigned int, unsigned char const*) (aes.cpp:434)
==14043==    by 0x12C5CB: UserDatabase::saveDatabaseToDisk() (userControl.cpp:83)
==14043==    by 0x12C548: UserDatabase::initializeDefaultDatabase() (userControl.cpp:69)
==14043==    by 0x12C33B: UserDatabase::loadUserDatabase(char const*) (userControl.cpp:29)
==14043==    by 0x11FFB9: unitTestUserControl() (unitTest.cpp:138)
==14043==    by 0x11F639: runUnitTest() (unitTest.cpp:45)
==14043==    by 0x11983D: main (main.cpp:67)
==14043== 
==14043== Syscall param write(buf) points to uninitialised byte(s)
==14043==    at 0x588C154: write (write.c:27)
==14043==    by 0x58071BC: _IO_file_write@@GLIBC_2.2.5 (fileops.c:1203)
==14043==    by 0x5808F50: new_do_write (fileops.c:457)
==14043==    by 0x5808F50: _IO_do_write@@GLIBC_2.2.5 (fileops.c:433)
==14043==    by 0x580830F: _IO_file_close_it@@GLIBC_2.2.5 (fileops.c:136)
==14043==    by 0x57FA386: fclose@@GLIBC_2.2.5 (iofclose.c:53)
==14043==    by 0x12C65E: UserDatabase::saveDatabaseToDisk() (userControl.cpp:96)
==14043==    by 0x12C548: UserDatabase::initializeDefaultDatabase() (userControl.cpp:69)
==14043==    by 0x12C33B: UserDatabase::loadUserDatabase(char const*) (userControl.cpp:29)
==14043==    by 0x11FFB9: unitTestUserControl() (unitTest.cpp:138)
==14043==    by 0x11F639: runUnitTest() (unitTest.cpp:45)
==14043==    by 0x11983D: main (main.cpp:67)
==14043==  Address 0x5b7f5a4 is 4 bytes inside a block of size 4,096 alloc'd
==14043==    at 0x4C2FDFB: malloc (vg_replace_malloc.c:309)
==14043==    by 0x57FA18B: _IO_file_doallocate (filedoalloc.c:101)
==14043==    by 0x580A378: _IO_doallocbuf (genops.c:365)
==14043==    by 0x5809497: _IO_file_overflow@@GLIBC_2.2.5 (fileops.c:759)
==14043==    by 0x58079EC: _IO_file_xsputn@@GLIBC_2.2.5 (fileops.c:1266)
==14043==    by 0x57FB976: fwrite (iofwrite.c:39)
==14043==    by 0x12C611: UserDatabase::saveDatabaseToDisk() (userControl.cpp:93)
==14043==    by 0x12C548: UserDatabase::initializeDefaultDatabase() (userControl.cpp:69)
==14043==    by 0x12C33B: UserDatabase::loadUserDatabase(char const*) (userControl.cpp:29)
==14043==    by 0x11FFB9: unitTestUserControl() (unitTest.cpp:138)
==14043==    by 0x11F639: runUnitTest() (unitTest.cpp:45)
==14043==    by 0x11983D: main (main.cpp:67)
==14043== 
==14043== Use of uninitialised value of size 8
==14043==    at 0x12108E: getSBoxValue(unsigned char) (aes.cpp:148)
==14043==    by 0x12145D: SubBytes() (aes.cpp:231)
==14043==    by 0x1221A5: Cipher() (aes.cpp:382)
==14043==    by 0x1224B4: AES128_CBC_encrypt_buffer(unsigned char*, unsigned char*, unsigned int, unsigned char const*, unsigned char const*) (aes.cpp:503)
==14043==    by 0x12298C: CryptoUtil::secureEncryptFile(std::__cxx11::basic_string<char, std::char_traits<char>, std::allocator<char> >, std::__cxx11::basic_string<char, std::char_traits<char>, std::allocator<char> >) (cryptoUtil.cpp:82)
==14043==    by 0x12042A: unitTestCryptoUtil() (unitTest.cpp:181)
==14043==    by 0x11F63E: runUnitTest() (unitTest.cpp:46)
==14043==    by 0x11983D: main (main.cpp:67)
==14043== 
==14043== Invalid read of size 1
==14043==    at 0x122261: BlockCopy(unsigned char*, unsigned char*) (aes.cpp:421)
==14043==    by 0x122442: AES128_CBC_encrypt_buffer(unsigned char*, unsigned char*, unsigned int, unsigned char const*, unsigned char const*) (aes.cpp:486)
==14043==    by 0x12298C: CryptoUtil::secureEncryptFile(std::__cxx11::basic_string<char, std::char_traits<char>, std::allocator<char> >, std::__cxx11::basic_string<char, std::char_traits<char>, std::allocator<char> >) (cryptoUtil.cpp:82)
==14043==    by 0x12452D: MlModule::trainMlModel(std::__cxx11::basic_string<char, std::char_traits<char>, std::allocator<char> >) (mlModule.cpp:66)
==14043==    by 0x120856: unitTestKMeans() (unitTest.cpp:204)
==14043==    by 0x11F648: runUnitTest() (unitTest.cpp:48)
==14043==    by 0x11983D: main (main.cpp:67)
==14043==  Address 0xaea44b0 is 0 bytes after a block of size 0 alloc'd
==14043==    at 0x4C30B47: operator new[](unsigned long) (vg_replace_malloc.c:433)
==14043==    by 0x122927: CryptoUtil::secureEncryptFile(std::__cxx11::basic_string<char, std::char_traits<char>, std::allocator<char> >, std::__cxx11::basic_string<char, std::char_traits<char>, std::allocator<char> >) (cryptoUtil.cpp:70)
==14043==    by 0x12452D: MlModule::trainMlModel(std::__cxx11::basic_string<char, std::char_traits<char>, std::allocator<char> >) (mlModule.cpp:66)
==14043==    by 0x120856: unitTestKMeans() (unitTest.cpp:204)
==14043==    by 0x11F648: runUnitTest() (unitTest.cpp:48)
==14043==    by 0x11983D: main (main.cpp:67)
==14043== 
==14043== Invalid write of size 1
==14043==    at 0x122264: BlockCopy(unsigned char*, unsigned char*) (aes.cpp:421)
==14043==    by 0x122442: AES128_CBC_encrypt_buffer(unsigned char*, unsigned char*, unsigned int, unsigned char const*, unsigned char const*) (aes.cpp:486)
==14043==    by 0x12298C: CryptoUtil::secureEncryptFile(std::__cxx11::basic_string<char, std::char_traits<char>, std::allocator<char> >, std::__cxx11::basic_string<char, std::char_traits<char>, std::allocator<char> >) (cryptoUtil.cpp:82)
==14043==    by 0x12452D: MlModule::trainMlModel(std::__cxx11::basic_string<char, std::char_traits<char>, std::allocator<char> >) (mlModule.cpp:66)
==14043==    by 0x120856: unitTestKMeans() (unitTest.cpp:204)
==14043==    by 0x11F648: runUnitTest() (unitTest.cpp:48)
==14043==    by 0x11983D: main (main.cpp:67)
==14043==  Address 0xc4138d0 is 0 bytes after a block of size 0 alloc'd
==14043==    at 0x4C30B47: operator new[](unsigned long) (vg_replace_malloc.c:433)
==14043==    by 0x12293C: CryptoUtil::secureEncryptFile(std::__cxx11::basic_string<char, std::char_traits<char>, std::allocator<char> >, std::__cxx11::basic_string<char, std::char_traits<char>, std::allocator<char> >) (cryptoUtil.cpp:71)
==14043==    by 0x12452D: MlModule::trainMlModel(std::__cxx11::basic_string<char, std::char_traits<char>, std::allocator<char> >) (mlModule.cpp:66)
==14043==    by 0x120856: unitTestKMeans() (unitTest.cpp:204)
==14043==    by 0x11F648: runUnitTest() (unitTest.cpp:48)
==14043==    by 0x11983D: main (main.cpp:67)
==14043== 
==14043== Invalid read of size 1
==14043==    at 0x122261: BlockCopy(unsigned char*, unsigned char*) (aes.cpp:421)
==14043==    by 0x122442: AES128_CBC_encrypt_buffer(unsigned char*, unsigned char*, unsigned int, unsigned char const*, unsigned char const*) (aes.cpp:486)
==14043==    by 0x12298C: CryptoUtil::secureEncryptFile(std::__cxx11::basic_string<char, std::char_traits<char>, std::allocator<char> >, std::__cxx11::basic_string<char, std::char_traits<char>, std::allocator<char> >) (cryptoUtil.cpp:82)
==14043==    by 0x1245D6: MlModule::trainMlModel(std::__cxx11::basic_string<char, std::char_traits<char>, std::allocator<char> >) (mlModule.cpp:67)
==14043==    by 0x120856: unitTestKMeans() (unitTest.cpp:204)
==14043==    by 0x11F648: runUnitTest() (unitTest.cpp:48)
==14043==    by 0x11983D: main (main.cpp:67)
==14043==  Address 0xc45df10 is 0 bytes after a block of size 0 alloc'd
==14043==    at 0x4C30B47: operator new[](unsigned long) (vg_replace_malloc.c:433)
==14043==    by 0x122927: CryptoUtil::secureEncryptFile(std::__cxx11::basic_string<char, std::char_traits<char>, std::allocator<char> >, std::__cxx11::basic_string<char, std::char_traits<char>, std::allocator<char> >) (cryptoUtil.cpp:70)
==14043==    by 0x1245D6: MlModule::trainMlModel(std::__cxx11::basic_string<char, std::char_traits<char>, std::allocator<char> >) (mlModule.cpp:67)
==14043==    by 0x120856: unitTestKMeans() (unitTest.cpp:204)
==14043==    by 0x11F648: runUnitTest() (unitTest.cpp:48)
==14043==    by 0x11983D: main (main.cpp:67)
==14043== 
==14043== Invalid write of size 1
==14043==    at 0x122264: BlockCopy(unsigned char*, unsigned char*) (aes.cpp:421)
==14043==    by 0x122442: AES128_CBC_encrypt_buffer(unsigned char*, unsigned char*, unsigned int, unsigned char const*, unsigned char const*) (aes.cpp:486)
==14043==    by 0x12298C: CryptoUtil::secureEncryptFile(std::__cxx11::basic_string<char, std::char_traits<char>, std::allocator<char> >, std::__cxx11::basic_string<char, std::char_traits<char>, std::allocator<char> >) (cryptoUtil.cpp:82)
==14043==    by 0x1245D6: MlModule::trainMlModel(std::__cxx11::basic_string<char, std::char_traits<char>, std::allocator<char> >) (mlModule.cpp:67)
==14043==    by 0x120856: unitTestKMeans() (unitTest.cpp:204)
==14043==    by 0x11F648: runUnitTest() (unitTest.cpp:48)
==14043==    by 0x11983D: main (main.cpp:67)
==14043==  Address 0xc4708a0 is 0 bytes after a block of size 0 alloc'd
==14043==    at 0x4C30B47: operator new[](unsigned long) (vg_replace_malloc.c:433)
==14043==    by 0x12293C: CryptoUtil::secureEncryptFile(std::__cxx11::basic_string<char, std::char_traits<char>, std::allocator<char> >, std::__cxx11::basic_string<char, std::char_traits<char>, std::allocator<char> >) (cryptoUtil.cpp:71)
==14043==    by 0x1245D6: MlModule::trainMlModel(std::__cxx11::basic_string<char, std::char_traits<char>, std::allocator<char> >) (mlModule.cpp:67)
==14043==    by 0x120856: unitTestKMeans() (unitTest.cpp:204)
==14043==    by 0x11F648: runUnitTest() (unitTest.cpp:48)
==14043==    by 0x11983D: main (main.cpp:67)
==14043== 
==14043== Invalid read of size 4
==14043==    at 0x118C47: tensor_to_string(tensor_t<float>&) (tensor_t.h:118)
==14043==    by 0x11CAEE: conv_layer_t::toString[abi:cxx11]() (conv_layer_t.h:174)
==14043==    by 0x123BC9: toString(layer_t*) (cnn.h:80)
==14043==    by 0x12606E: MlModule::save_network(std::vector<layer_t*, std::allocator<layer_t*> > const&, char const*) (mlModule.h:136)
==14043==    by 0x123CD7: MlModule::saveMlModel(std::__cxx11::basic_string<char, std::char_traits<char>, std::allocator<char> >) (mlModule.cpp:22)
==14043==    by 0x1208B4: unitTestKMeans() (unitTest.cpp:208)
==14043==    by 0x11F648: runUnitTest() (unitTest.cpp:48)
==14043==    by 0x11983D: main (main.cpp:67)
==14043==  Address 0xdfe7b60 is 0 bytes inside a block of size 3,136 free'd
==14043==    at 0x4C31B16: operator delete[](void*) (vg_replace_malloc.c:651)
==14043==    by 0x11D32E: tensor_t<float>::~tensor_t() (tensor_t.h:76)
==14043==    by 0x12590F: MlModule::case_t::~case_t() (mlModule.h:40)
==14043==    by 0x12B95A: void std::_Destroy<MlModule::case_t>(MlModule::case_t*) (stl_construct.h:98)
==14043==    by 0x12B1FA: void std::_Destroy_aux<false>::__destroy<MlModule::case_t*>(MlModule::case_t*, MlModule::case_t*) (stl_construct.h:108)
==14043==    by 0x129F95: void std::_Destroy<MlModule::case_t*>(MlModule::case_t*, MlModule::case_t*) (stl_construct.h:137)
==14043==    by 0x12896E: void std::_Destroy<MlModule::case_t*, MlModule::case_t>(MlModule::case_t*, MlModule::case_t*, std::allocator<MlModule::case_t>&) (stl_construct.h:206)
==14043==    by 0x1274CC: std::vector<MlModule::case_t, std::allocator<MlModule::case_t> >::~vector() (stl_vector.h:434)
==14043==    by 0x12461D: MlModule::trainMlModel(std::__cxx11::basic_string<char, std::char_traits<char>, std::allocator<char> >) (mlModule.cpp:44)
==14043==    by 0x120856: unitTestKMeans() (unitTest.cpp:204)
==14043==    by 0x11F648: runUnitTest() (unitTest.cpp:48)
==14043==    by 0x11983D: main (main.cpp:67)
==14043==  Block was alloc'd at
==14043==    at 0x4C30B47: operator new[](unsigned long) (vg_replace_malloc.c:433)
==14043==    by 0x11D3FD: tensor_t<float>::tensor_t(tensor_t<float> const&) (tensor_t.h:26)
==14043==    by 0x129FBD: MlModule::case_t::case_t(MlModule::case_t const&) (mlModule.h:40)
==14043==    by 0x12A047: void __gnu_cxx::new_allocator<MlModule::case_t>::construct<MlModule::case_t, MlModule::case_t const&>(MlModule::case_t*, MlModule::case_t const&) (new_allocator.h:136)
==14043==    by 0x1289B5: void std::allocator_traits<std::allocator<MlModule::case_t> >::construct<MlModule::case_t, MlModule::case_t const&>(std::allocator<MlModule::case_t>&, MlModule::case_t*, MlModule::case_t const&) (alloc_traits.h:475)
==14043==    by 0x12751B: std::vector<MlModule::case_t, std::allocator<MlModule::case_t> >::push_back(MlModule::case_t const&) (stl_vector.h:943)
==14043==    by 0x125B49: MlModule::read_test_cases() (mlModule.h:80)
==14043==    by 0x124116: MlModule::trainMlModel(std::__cxx11::basic_string<char, std::char_traits<char>, std::allocator<char> >) (mlModule.cpp:44)
==14043==    by 0x120856: unitTestKMeans() (unitTest.cpp:204)
==14043==    by 0x11F648: runUnitTest() (unitTest.cpp:48)
==14043==    by 0x11983D: main (main.cpp:67)
==14043== 
==14043== Invalid read of size 1
==14043==    at 0x122261: BlockCopy(unsigned char*, unsigned char*) (aes.cpp:421)
==14043==    by 0x122442: AES128_CBC_encrypt_buffer(unsigned char*, unsigned char*, unsigned int, unsigned char const*, unsigned char const*) (aes.cpp:486)
==14043==    by 0x12298C: CryptoUtil::secureEncryptFile(std::__cxx11::basic_string<char, std::char_traits<char>, std::allocator<char> >, std::__cxx11::basic_string<char, std::char_traits<char>, std::allocator<char> >) (cryptoUtil.cpp:82)
==14043==    by 0x123DA6: MlModule::saveMlModel(std::__cxx11::basic_string<char, std::char_traits<char>, std::allocator<char> >) (mlModule.cpp:25)
==14043==    by 0x1208B4: unitTestKMeans() (unitTest.cpp:208)
==14043==    by 0x11F648: runUnitTest() (unitTest.cpp:48)
==14043==    by 0x11983D: main (main.cpp:67)
==14043==  Address 0x6b6cfe0 is 0 bytes after a block of size 0 alloc'd
==14043==    at 0x4C30B47: operator new[](unsigned long) (vg_replace_malloc.c:433)
==14043==    by 0x122927: CryptoUtil::secureEncryptFile(std::__cxx11::basic_string<char, std::char_traits<char>, std::allocator<char> >, std::__cxx11::basic_string<char, std::char_traits<char>, std::allocator<char> >) (cryptoUtil.cpp:70)
==14043==    by 0x123DA6: MlModule::saveMlModel(std::__cxx11::basic_string<char, std::char_traits<char>, std::allocator<char> >) (mlModule.cpp:25)
==14043==    by 0x1208B4: unitTestKMeans() (unitTest.cpp:208)
==14043==    by 0x11F648: runUnitTest() (unitTest.cpp:48)
==14043==    by 0x11983D: main (main.cpp:67)
==14043== 
==14043== Invalid write of size 1
==14043==    at 0x122264: BlockCopy(unsigned char*, unsigned char*) (aes.cpp:421)
==14043==    by 0x122442: AES128_CBC_encrypt_buffer(unsigned char*, unsigned char*, unsigned int, unsigned char const*, unsigned char const*) (aes.cpp:486)
==14043==    by 0x12298C: CryptoUtil::secureEncryptFile(std::__cxx11::basic_string<char, std::char_traits<char>, std::allocator<char> >, std::__cxx11::basic_string<char, std::char_traits<char>, std::allocator<char> >) (cryptoUtil.cpp:82)
==14043==    by 0x123DA6: MlModule::saveMlModel(std::__cxx11::basic_string<char, std::char_traits<char>, std::allocator<char> >) (mlModule.cpp:25)
==14043==    by 0x1208B4: unitTestKMeans() (unitTest.cpp:208)
==14043==    by 0x11F648: runUnitTest() (unitTest.cpp:48)
==14043==    by 0x11983D: main (main.cpp:67)
==14043==  Address 0xef42580 is 0 bytes after a block of size 0 alloc'd
==14043==    at 0x4C30B47: operator new[](unsigned long) (vg_replace_malloc.c:433)
==14043==    by 0x12293C: CryptoUtil::secureEncryptFile(std::__cxx11::basic_string<char, std::char_traits<char>, std::allocator<char> >, std::__cxx11::basic_string<char, std::char_traits<char>, std::allocator<char> >) (cryptoUtil.cpp:71)
==14043==    by 0x123DA6: MlModule::saveMlModel(std::__cxx11::basic_string<char, std::char_traits<char>, std::allocator<char> >) (mlModule.cpp:25)
==14043==    by 0x1208B4: unitTestKMeans() (unitTest.cpp:208)
==14043==    by 0x11F648: runUnitTest() (unitTest.cpp:48)
==14043==    by 0x11983D: main (main.cpp:67)
==14043== 
==14043== 
==14043== HEAP SUMMARY:
==14043==     in use at exit: 360,980 bytes in 68 blocks
==14043==   total heap usage: 536,238 allocs, 536,170 frees, 860,359,439 bytes allocated
==14043== 
==14043== 32 bytes in 1 blocks are still reachable in loss record 1 of 51
==14043==    at 0x4C3045A: operator new(unsigned long) (vg_replace_malloc.c:344)
==14043==    by 0x12BA8B: __gnu_cxx::new_allocator<layer_t*>::allocate(unsigned long, void const*) (new_allocator.h:111)
==14043==    by 0x12B395: std::allocator_traits<std::allocator<layer_t*> >::allocate(std::allocator<layer_t*>&, unsigned long) (alloc_traits.h:436)
==14043==    by 0x12A4B3: std::_Vector_base<layer_t*, std::allocator<layer_t*> >::_M_allocate(unsigned long) (stl_vector.h:172)
==14043==    by 0x128E93: void std::vector<layer_t*, std::allocator<layer_t*> >::_M_realloc_insert<layer_t*>(__gnu_cxx::__normal_iterator<layer_t**, std::vector<layer_t*, std::allocator<layer_t*> > >, layer_t*&&) (vector.tcc:406)
==14043==    by 0x127A0B: void std::vector<layer_t*, std::allocator<layer_t*> >::emplace_back<layer_t*>(layer_t*&&) (vector.tcc:105)
==14043==    by 0x1268B7: MlModule::load_network(char const*) (mlModule.h:238)
==14043==    by 0x123F42: MlModule::loadSavedMlModel(std::__cxx11::basic_string<char, std::char_traits<char>, std::allocator<char> >) (mlModule.cpp:34)
==14043==    by 0x120912: unitTestKMeans() (unitTest.cpp:212)
==14043==    by 0x11F648: runUnitTest() (unitTest.cpp:48)
==14043==    by 0x11983D: main (main.cpp:67)
==14043== 
==14043== 40 bytes in 1 blocks are definitely lost in loss record 2 of 51
==14043==    at 0x4C30B47: operator new[](unsigned long) (vg_replace_malloc.c:433)
==14043==    by 0x11D2DC: tensor_t<float>::tensor_t(int, int, int) (tensor_t.h:19)
==14043==    by 0x124A4B: fc_layer_t::fc_layer_t(point_t, int) (fc_layer.h:23)
==14043==    by 0x1242EF: MlModule::trainMlModel(std::__cxx11::basic_string<char, std::char_traits<char>, std::allocator<char> >) (mlModule.cpp:49)
==14043==    by 0x120856: unitTestKMeans() (unitTest.cpp:204)
==14043==    by 0x11F648: runUnitTest() (unitTest.cpp:48)
==14043==    by 0x11983D: main (main.cpp:67)
==14043== 
==14043== 40 bytes in 1 blocks are definitely lost in loss record 3 of 51
==14043==    at 0x4C3045A: operator new(unsigned long) (vg_replace_malloc.c:344)
==14043==    by 0x11E5B9: __gnu_cxx::new_allocator<float>::allocate(unsigned long, void const*) (new_allocator.h:111)
==14043==    by 0x11E30C: std::allocator_traits<std::allocator<float> >::allocate(std::allocator<float>&, unsigned long) (alloc_traits.h:436)
==14043==    by 0x11DED5: std::_Vector_base<float, std::allocator<float> >::_M_allocate(unsigned long) (stl_vector.h:172)
==14043==    by 0x1294D6: std::_Vector_base<float, std::allocator<float> >::_M_create_storage(unsigned long) (stl_vector.h:187)
==14043==    by 0x127E24: std::_Vector_base<float, std::allocator<float> >::_Vector_base(unsigned long, std::allocator<float> const&) (stl_vector.h:138)
==14043==    by 0x126FD9: std::vector<float, std::allocator<float> >::vector(unsigned long, std::allocator<float> const&) (stl_vector.h:284)
==14043==    by 0x124AB6: fc_layer_t::fc_layer_t(point_t, int) (fc_layer.h:25)
==14043==    by 0x1242EF: MlModule::trainMlModel(std::__cxx11::basic_string<char, std::char_traits<char>, std::allocator<char> >) (mlModule.cpp:49)
==14043==    by 0x120856: unitTestKMeans() (unitTest.cpp:204)
==14043==    by 0x11F648: runUnitTest() (unitTest.cpp:48)
==14043==    by 0x11983D: main (main.cpp:67)
==14043== 
==14043== 40 bytes in 1 blocks are definitely lost in loss record 4 of 51
==14043==    at 0x4C30B47: operator new[](unsigned long) (vg_replace_malloc.c:433)
==14043==    by 0x11D3FD: tensor_t<float>::tensor_t(tensor_t<float> const&) (tensor_t.h:26)
==14043==    by 0x124D14: fc_layer_t::fc_layer_t(tensor_t<float> const&, tensor_t<float> const&, tensor_t<float> const&, tensor_t<float> const&) (fc_layer.h:39)
==14043==    by 0x126321: MlModule::load_network(char const*) (mlModule.h:173)
==14043==    by 0x123F42: MlModule::loadSavedMlModel(std::__cxx11::basic_string<char, std::char_traits<char>, std::allocator<char> >) (mlModule.cpp:34)
==14043==    by 0x120912: unitTestKMeans() (unitTest.cpp:212)
==14043==    by 0x11F648: runUnitTest() (unitTest.cpp:48)
==14043==    by 0x11983D: main (main.cpp:67)
==14043== 
==14043== 40 bytes in 1 blocks are definitely lost in loss record 5 of 51
==14043==    at 0x4C3045A: operator new(unsigned long) (vg_replace_malloc.c:344)
==14043==    by 0x11E5B9: __gnu_cxx::new_allocator<float>::allocate(unsigned long, void const*) (new_allocator.h:111)
==14043==    by 0x11E30C: std::allocator_traits<std::allocator<float> >::allocate(std::allocator<float>&, unsigned long) (alloc_traits.h:436)
==14043==    by 0x11DED5: std::_Vector_base<float, std::allocator<float> >::_M_allocate(unsigned long) (stl_vector.h:172)
==14043==    by 0x1294D6: std::_Vector_base<float, std::allocator<float> >::_M_create_storage(unsigned long) (stl_vector.h:187)
==14043==    by 0x127E24: std::_Vector_base<float, std::allocator<float> >::_Vector_base(unsigned long, std::allocator<float> const&) (stl_vector.h:138)
==14043==    by 0x126FD9: std::vector<float, std::allocator<float> >::vector(unsigned long, std::allocator<float> const&) (stl_vector.h:284)
==14043==    by 0x124D74: fc_layer_t::fc_layer_t(tensor_t<float> const&, tensor_t<float> const&, tensor_t<float> const&, tensor_t<float> const&) (fc_layer.h:40)
==14043==    by 0x126321: MlModule::load_network(char const*) (mlModule.h:173)
==14043==    by 0x123F42: MlModule::loadSavedMlModel(std::__cxx11::basic_string<char, std::char_traits<char>, std::allocator<char> >) (mlModule.cpp:34)
==14043==    by 0x120912: unitTestKMeans() (unitTest.cpp:212)
==14043==    by 0x11F648: runUnitTest() (unitTest.cpp:48)
==14043== 
==14043== 48 bytes in 1 blocks are still reachable in loss record 6 of 51
==14043==    at 0x4C3045A: operator new(unsigned long) (vg_replace_malloc.c:344)
==14043==    by 0x123C78: MlModule::getInstance() (mlModule.cpp:13)
==14043==    by 0x12082E: unitTestKMeans() (unitTest.cpp:204)
==14043==    by 0x11F648: runUnitTest() (unitTest.cpp:48)
==14043==    by 0x11983D: main (main.cpp:67)
==14043== 
==14043== 76 bytes in 1 blocks are still reachable in loss record 7 of 51
==14043==    at 0x4C3045A: operator new(unsigned long) (vg_replace_malloc.c:344)
==14043==    by 0x1266BE: MlModule::load_network(char const*) (mlModule.h:218)
==14043==    by 0x123F42: MlModule::loadSavedMlModel(std::__cxx11::basic_string<char, std::char_traits<char>, std::allocator<char> >) (mlModule.cpp:34)
==14043==    by 0x120912: unitTestKMeans() (unitTest.cpp:212)
==14043==    by 0x11F648: runUnitTest() (unitTest.cpp:48)
==14043==    by 0x11983D: main (main.cpp:67)
==14043== 
==14043== 76 bytes in 1 blocks are definitely lost in loss record 8 of 51
==14043==    at 0x4C3045A: operator new(unsigned long) (vg_replace_malloc.c:344)
==14043==    by 0x1241D8: MlModule::trainMlModel(std::__cxx11::basic_string<char, std::char_traits<char>, std::allocator<char> >) (mlModule.cpp:47)
==14043==    by 0x120856: unitTestKMeans() (unitTest.cpp:204)
==14043==    by 0x11F648: runUnitTest() (unitTest.cpp:48)
==14043==    by 0x11983D: main (main.cpp:67)
==14043== 
==14043== 80 bytes in 1 blocks are still reachable in loss record 9 of 51
==14043==    at 0x4C3045A: operator new(unsigned long) (vg_replace_malloc.c:344)
==14043==    by 0x12685C: MlModule::load_network(char const*) (mlModule.h:240)
==14043==    by 0x123F42: MlModule::loadSavedMlModel(std::__cxx11::basic_string<char, std::char_traits<char>, std::allocator<char> >) (mlModule.cpp:34)
==14043==    by 0x120912: unitTestKMeans() (unitTest.cpp:212)
==14043==    by 0x11F648: runUnitTest() (unitTest.cpp:48)
==14043==    by 0x11983D: main (main.cpp:67)
==14043== 
==14043== 80 bytes in 1 blocks are definitely lost in loss record 10 of 51
==14043==    at 0x4C3045A: operator new(unsigned long) (vg_replace_malloc.c:344)
==14043==    by 0x12424D: MlModule::trainMlModel(std::__cxx11::basic_string<char, std::char_traits<char>, std::allocator<char> >) (mlModule.cpp:48)
==14043==    by 0x120856: unitTestKMeans() (unitTest.cpp:204)
==14043==    by 0x11F648: runUnitTest() (unitTest.cpp:48)
==14043==    by 0x11983D: main (main.cpp:67)
==14043== 
==14043== 80 bytes in 1 blocks are definitely lost in loss record 11 of 51
==14043==    at 0x4C3045A: operator new(unsigned long) (vg_replace_malloc.c:344)
==14043==    by 0x12BC87: __gnu_cxx::new_allocator<gradient_t>::allocate(unsigned long, void const*) (new_allocator.h:111)
==14043==    by 0x12B6FE: std::allocator_traits<std::allocator<gradient_t> >::allocate(std::allocator<gradient_t>&, unsigned long) (alloc_traits.h:436)
==14043==    by 0x12ABE7: std::_Vector_base<gradient_t, std::allocator<gradient_t> >::_M_allocate(unsigned long) (stl_vector.h:172)
==14043==    by 0x1296AA: std::_Vector_base<gradient_t, std::allocator<gradient_t> >::_M_create_storage(unsigned long) (stl_vector.h:187)
==14043==    by 0x127FA4: std::_Vector_base<gradient_t, std::allocator<gradient_t> >::_Vector_base(unsigned long, std::allocator<gradient_t> const&) (stl_vector.h:138)
==14043==    by 0x1270EB: std::vector<gradient_t, std::allocator<gradient_t> >::vector(unsigned long, std::allocator<gradient_t> const&) (stl_vector.h:284)
==14043==    by 0x124B0A: fc_layer_t::fc_layer_t(point_t, int) (fc_layer.h:26)
==14043==    by 0x1242EF: MlModule::trainMlModel(std::__cxx11::basic_string<char, std::char_traits<char>, std::allocator<char> >) (mlModule.cpp:49)
==14043==    by 0x120856: unitTestKMeans() (unitTest.cpp:204)
==14043==    by 0x11F648: runUnitTest() (unitTest.cpp:48)
==14043==    by 0x11983D: main (main.cpp:67)
==14043== 
==14043== 80 bytes in 1 blocks are definitely lost in loss record 12 of 51
==14043==    at 0x4C3045A: operator new(unsigned long) (vg_replace_malloc.c:344)
==14043==    by 0x12BC87: __gnu_cxx::new_allocator<gradient_t>::allocate(unsigned long, void const*) (new_allocator.h:111)
==14043==    by 0x12B6FE: std::allocator_traits<std::allocator<gradient_t> >::allocate(std::allocator<gradient_t>&, unsigned long) (alloc_traits.h:436)
==14043==    by 0x12ABE7: std::_Vector_base<gradient_t, std::allocator<gradient_t> >::_M_allocate(unsigned long) (stl_vector.h:172)
==14043==    by 0x1296AA: std::_Vector_base<gradient_t, std::allocator<gradient_t> >::_M_create_storage(unsigned long) (stl_vector.h:187)
==14043==    by 0x127FA4: std::_Vector_base<gradient_t, std::allocator<gradient_t> >::_Vector_base(unsigned long, std::allocator<gradient_t> const&) (stl_vector.h:138)
==14043==    by 0x1270EB: std::vector<gradient_t, std::allocator<gradient_t> >::vector(unsigned long, std::allocator<gradient_t> const&) (stl_vector.h:284)
==14043==    by 0x124DCC: fc_layer_t::fc_layer_t(tensor_t<float> const&, tensor_t<float> const&, tensor_t<float> const&, tensor_t<float> const&) (fc_layer.h:41)
==14043==    by 0x126321: MlModule::load_network(char const*) (mlModule.h:173)
==14043==    by 0x123F42: MlModule::loadSavedMlModel(std::__cxx11::basic_string<char, std::char_traits<char>, std::allocator<char> >) (mlModule.cpp:34)
==14043==    by 0x120912: unitTestKMeans() (unitTest.cpp:212)
==14043==    by 0x11F648: runUnitTest() (unitTest.cpp:48)
==14043== 
==14043== 100 bytes in 1 blocks are indirectly lost in loss record 13 of 51
==14043==    at 0x4C30B47: operator new[](unsigned long) (vg_replace_malloc.c:433)
==14043==    by 0x11D3FD: tensor_t<float>::tensor_t(tensor_t<float> const&) (tensor_t.h:26)
==14043==    by 0x1299AD: void __gnu_cxx::new_allocator<tensor_t<float> >::construct<tensor_t<float>, tensor_t<float> const&>(tensor_t<float>*, tensor_t<float> const&) (new_allocator.h:136)
==14043==    by 0x1282B9: void std::allocator_traits<std::allocator<tensor_t<float> > >::construct<tensor_t<float>, tensor_t<float> const&>(std::allocator<tensor_t<float> >&, tensor_t<float>*, tensor_t<float> const&) (alloc_traits.h:475)
==14043==    by 0x128382: void std::vector<tensor_t<float>, std::allocator<tensor_t<float> > >::_M_realloc_insert<tensor_t<float> const&>(__gnu_cxx::__normal_iterator<tensor_t<float>*, std::vector<tensor_t<float>, std::allocator<tensor_t<float> > > >, tensor_t<float> const&) (vector.tcc:415)
==14043==    by 0x1272D1: std::vector<tensor_t<float>, std::allocator<tensor_t<float> > >::push_back(tensor_t<float> const&) (stl_vector.h:948)
==14043==    by 0x125553: conv_layer_t::conv_layer_t(unsigned short, unsigned short, unsigned short, point_t) (conv_layer_t.h:47)
==14043==    by 0x124180: MlModule::trainMlModel(std::__cxx11::basic_string<char, std::char_traits<char>, std::allocator<char> >) (mlModule.cpp:46)
==14043==    by 0x120856: unitTestKMeans() (unitTest.cpp:204)
==14043==    by 0x11F648: runUnitTest() (unitTest.cpp:48)
==14043==    by 0x11983D: main (main.cpp:67)
==14043== 
==14043== 128 bytes in 1 blocks are still reachable in loss record 14 of 51
==14043==    at 0x4C3045A: operator new(unsigned long) (vg_replace_malloc.c:344)
==14043==    by 0x126551: MlModule::load_network(char const*) (mlModule.h:204)
==14043==    by 0x123F42: MlModule::loadSavedMlModel(std::__cxx11::basic_string<char, std::char_traits<char>, std::allocator<char> >) (mlModule.cpp:34)
==14043==    by 0x120912: unitTestKMeans() (unitTest.cpp:212)
==14043==    by 0x11F648: runUnitTest() (unitTest.cpp:48)
==14043==    by 0x11983D: main (main.cpp:67)
==14043== 
==14043== 128 bytes in 1 blocks are definitely lost in loss record 15 of 51
==14043==    at 0x4C3045A: operator new(unsigned long) (vg_replace_malloc.c:344)
==14043==    by 0x124150: MlModule::trainMlModel(std::__cxx11::basic_string<char, std::char_traits<char>, std::allocator<char> >) (mlModule.cpp:46)
==14043==    by 0x120856: unitTestKMeans() (unitTest.cpp:204)
==14043==    by 0x11F648: runUnitTest() (unitTest.cpp:48)
==14043==    by 0x11983D: main (main.cpp:67)
==14043== 
==14043== 148 bytes in 1 blocks are still reachable in loss record 16 of 51
==14043==    at 0x4C3045A: operator new(unsigned long) (vg_replace_malloc.c:344)
==14043==    by 0x1262F4: MlModule::load_network(char const*) (mlModule.h:173)
==14043==    by 0x123F42: MlModule::loadSavedMlModel(std::__cxx11::basic_string<char, std::char_traits<char>, std::allocator<char> >) (mlModule.cpp:34)
==14043==    by 0x120912: unitTestKMeans() (unitTest.cpp:212)
==14043==    by 0x11F648: runUnitTest() (unitTest.cpp:48)
==14043==    by 0x11983D: main (main.cpp:67)
==14043== 
==14043== 148 bytes in 1 blocks are definitely lost in loss record 17 of 51
==14043==    at 0x4C3045A: operator new(unsigned long) (vg_replace_malloc.c:344)
==14043==    by 0x1242CD: MlModule::trainMlModel(std::__cxx11::basic_string<char, std::char_traits<char>, std::allocator<char> >) (mlModule.cpp:49)
==14043==    by 0x120856: unitTestKMeans() (unitTest.cpp:204)
==14043==    by 0x11F648: runUnitTest() (unitTest.cpp:48)
==14043==    by 0x11983D: main (main.cpp:67)
==14043== 
==14043== 200 bytes in 1 blocks are indirectly lost in loss record 18 of 51
==14043==    at 0x4C30B47: operator new[](unsigned long) (vg_replace_malloc.c:433)
==14043==    by 0x12AF53: tensor_t<gradient_t>::tensor_t(tensor_t<gradient_t> const&) (tensor_t.h:26)
==14043==    by 0x129C0F: void __gnu_cxx::new_allocator<tensor_t<gradient_t> >::construct<tensor_t<gradient_t>, tensor_t<gradient_t> const&>(tensor_t<gradient_t>*, tensor_t<gradient_t> const&) (new_allocator.h:136)
==14043==    by 0x1285A6: void std::allocator_traits<std::allocator<tensor_t<gradient_t> > >::construct<tensor_t<gradient_t>, tensor_t<gradient_t> const&>(std::allocator<tensor_t<gradient_t> >&, tensor_t<gradient_t>*, tensor_t<gradient_t> const&) (alloc_traits.h:475)
==14043==    by 0x12866E: void std::vector<tensor_t<gradient_t>, std::allocator<tensor_t<gradient_t> > >::_M_realloc_insert<tensor_t<gradient_t> const&>(__gnu_cxx::__normal_iterator<tensor_t<gradient_t>*, std::vector<tensor_t<gradient_t>, std::allocator<tensor_t<gradient_t> > > >, tensor_t<gradient_t> const&) (vector.tcc:415)
==14043==    by 0x127431: std::vector<tensor_t<gradient_t>, std::allocator<tensor_t<gradient_t> > >::push_back(tensor_t<gradient_t> const&) (stl_vector.h:948)
==14043==    by 0x1255AA: conv_layer_t::conv_layer_t(unsigned short, unsigned short, unsigned short, point_t) (conv_layer_t.h:51)
==14043==    by 0x124180: MlModule::trainMlModel(std::__cxx11::basic_string<char, std::char_traits<char>, std::allocator<char> >) (mlModule.cpp:46)
==14043==    by 0x120856: unitTestKMeans() (unitTest.cpp:204)
==14043==    by 0x11F648: runUnitTest() (unitTest.cpp:48)
==14043==    by 0x11983D: main (main.cpp:67)
==14043== 
==14043== 300 bytes in 3 blocks are indirectly lost in loss record 19 of 51
==14043==    at 0x4C30B47: operator new[](unsigned long) (vg_replace_malloc.c:433)
==14043==    by 0x11D3FD: tensor_t<float>::tensor_t(tensor_t<float> const&) (tensor_t.h:26)
==14043==    by 0x1299AD: void __gnu_cxx::new_allocator<tensor_t<float> >::construct<tensor_t<float>, tensor_t<float> const&>(tensor_t<float>*, tensor_t<float> const&) (new_allocator.h:136)
==14043==    by 0x1282B9: void std::allocator_traits<std::allocator<tensor_t<float> > >::construct<tensor_t<float>, tensor_t<float> const&>(std::allocator<tensor_t<float> >&, tensor_t<float>*, tensor_t<float> const&) (alloc_traits.h:475)
==14043==    by 0x127299: std::vector<tensor_t<float>, std::allocator<tensor_t<float> > >::push_back(tensor_t<float> const&) (stl_vector.h:943)
==14043==    by 0x125553: conv_layer_t::conv_layer_t(unsigned short, unsigned short, unsigned short, point_t) (conv_layer_t.h:47)
==14043==    by 0x124180: MlModule::trainMlModel(std::__cxx11::basic_string<char, std::char_traits<char>, std::allocator<char> >) (mlModule.cpp:46)
==14043==    by 0x120856: unitTestKMeans() (unitTest.cpp:204)
==14043==    by 0x11F648: runUnitTest() (unitTest.cpp:48)
==14043==    by 0x11983D: main (main.cpp:67)
==14043== 
==14043== 400 bytes in 4 blocks are indirectly lost in loss record 20 of 51
==14043==    at 0x4C30B47: operator new[](unsigned long) (vg_replace_malloc.c:433)
==14043==    by 0x11D3FD: tensor_t<float>::tensor_t(tensor_t<float> const&) (tensor_t.h:26)
==14043==    by 0x12BB8E: void std::_Construct<tensor_t<float>, tensor_t<float> const&>(tensor_t<float>*, tensor_t<float> const&) (stl_construct.h:75)
==14043==    by 0x12BD1E: tensor_t<float>* std::__uninitialized_copy<false>::__uninit_copy<tensor_t<float> const*, tensor_t<float>*>(tensor_t<float> const*, tensor_t<float> const*, tensor_t<float>*) (stl_uninitialized.h:83)
==14043==    by 0x12B86D: tensor_t<float>* std::uninitialized_copy<tensor_t<float> const*, tensor_t<float>*>(tensor_t<float> const*, tensor_t<float> const*, tensor_t<float>*) (stl_uninitialized.h:134)
==14043==    by 0x12AEB2: tensor_t<float>* std::__uninitialized_copy_a<tensor_t<float> const*, tensor_t<float>*, tensor_t<float> >(tensor_t<float> const*, tensor_t<float> const*, tensor_t<float>*, std::allocator<tensor_t<float> >&) (stl_uninitialized.h:289)
==14043==    by 0x129B95: tensor_t<float>* std::__uninitialized_move_if_noexcept_a<tensor_t<float>*, tensor_t<float>*, std::allocator<tensor_t<float> > >(tensor_t<float>*, tensor_t<float>*, tensor_t<float>*, std::allocator<tensor_t<float> >&) (stl_uninitialized.h:312)
==14043==    by 0x1283BE: void std::vector<tensor_t<float>, std::allocator<tensor_t<float> > >::_M_realloc_insert<tensor_t<float> const&>(__gnu_cxx::__normal_iterator<tensor_t<float>*, std::vector<tensor_t<float>, std::allocator<tensor_t<float> > > >, tensor_t<float> const&) (vector.tcc:424)
==14043==    by 0x1272D1: std::vector<tensor_t<float>, std::allocator<tensor_t<float> > >::push_back(tensor_t<float> const&) (stl_vector.h:948)
==14043==    by 0x125553: conv_layer_t::conv_layer_t(unsigned short, unsigned short, unsigned short, point_t) (conv_layer_t.h:47)
==14043==    by 0x124180: MlModule::trainMlModel(std::__cxx11::basic_string<char, std::char_traits<char>, std::allocator<char> >) (mlModule.cpp:46)
==14043==    by 0x120856: unitTestKMeans() (unitTest.cpp:204)
==14043== 
==14043== 600 bytes in 3 blocks are indirectly lost in loss record 21 of 51
==14043==    at 0x4C30B47: operator new[](unsigned long) (vg_replace_malloc.c:433)
==14043==    by 0x12AF53: tensor_t<gradient_t>::tensor_t(tensor_t<gradient_t> const&) (tensor_t.h:26)
==14043==    by 0x129C0F: void __gnu_cxx::new_allocator<tensor_t<gradient_t> >::construct<tensor_t<gradient_t>, tensor_t<gradient_t> const&>(tensor_t<gradient_t>*, tensor_t<gradient_t> const&) (new_allocator.h:136)
==14043==    by 0x1285A6: void std::allocator_traits<std::allocator<tensor_t<gradient_t> > >::construct<tensor_t<gradient_t>, tensor_t<gradient_t> const&>(std::allocator<tensor_t<gradient_t> >&, tensor_t<gradient_t>*, tensor_t<gradient_t> const&) (alloc_traits.h:475)
==14043==    by 0x1273F9: std::vector<tensor_t<gradient_t>, std::allocator<tensor_t<gradient_t> > >::push_back(tensor_t<gradient_t> const&) (stl_vector.h:943)
==14043==    by 0x1255AA: conv_layer_t::conv_layer_t(unsigned short, unsigned short, unsigned short, point_t) (conv_layer_t.h:51)
==14043==    by 0x124180: MlModule::trainMlModel(std::__cxx11::basic_string<char, std::char_traits<char>, std::allocator<char> >) (mlModule.cpp:46)
==14043==    by 0x120856: unitTestKMeans() (unitTest.cpp:204)
==14043==    by 0x11F648: runUnitTest() (unitTest.cpp:48)
==14043==    by 0x11983D: main (main.cpp:67)
==14043== 
==14043== 800 bytes in 4 blocks are indirectly lost in loss record 22 of 51
==14043==    at 0x4C30B47: operator new[](unsigned long) (vg_replace_malloc.c:433)
==14043==    by 0x12AF53: tensor_t<gradient_t>::tensor_t(tensor_t<gradient_t> const&) (tensor_t.h:26)
==14043==    by 0x12BFAF: void std::_Construct<tensor_t<gradient_t>, tensor_t<gradient_t> const&>(tensor_t<gradient_t>*, tensor_t<gradient_t> const&) (stl_construct.h:75)
==14043==    by 0x12BDC4: tensor_t<gradient_t>* std::__uninitialized_copy<false>::__uninit_copy<tensor_t<gradient_t> const*, tensor_t<gradient_t>*>(tensor_t<gradient_t> const*, tensor_t<gradient_t> const*, tensor_t<gradient_t>*) (stl_uninitialized.h:83)
==14043==    by 0x12B911: tensor_t<gradient_t>* std::uninitialized_copy<tensor_t<gradient_t> const*, tensor_t<gradient_t>*>(tensor_t<gradient_t> const*, tensor_t<gradient_t> const*, tensor_t<gradient_t>*) (stl_uninitialized.h:134)
==14043==    by 0x12B0C5: tensor_t<gradient_t>* std::__uninitialized_copy_a<tensor_t<gradient_t> const*, tensor_t<gradient_t>*, tensor_t<gradient_t> >(tensor_t<gradient_t> const*, tensor_t<gradient_t> const*, tensor_t<gradient_t>*, std::allocator<tensor_t<gradient_t> >&) (stl_uninitialized.h:289)
==14043==    by 0x129DF7: tensor_t<gradient_t>* std::__uninitialized_move_if_noexcept_a<tensor_t<gradient_t>*, tensor_t<gradient_t>*, std::allocator<tensor_t<gradient_t> > >(tensor_t<gradient_t>*, tensor_t<gradient_t>*, tensor_t<gradient_t>*, std::allocator<tensor_t<gradient_t> >&) (stl_uninitialized.h:312)
==14043==    by 0x1286AA: void std::vector<tensor_t<gradient_t>, std::allocator<tensor_t<gradient_t> > >::_M_realloc_insert<tensor_t<gradient_t> const&>(__gnu_cxx::__normal_iterator<tensor_t<gradient_t>*, std::vector<tensor_t<gradient_t>, std::allocator<tensor_t<gradient_t> > > >, tensor_t<gradient_t> const&) (vector.tcc:424)
==14043==    by 0x127431: std::vector<tensor_t<gradient_t>, std::allocator<tensor_t<gradient_t> > >::push_back(tensor_t<gradient_t> const&) (stl_vector.h:948)
==14043==    by 0x1255AA: conv_layer_t::conv_layer_t(unsigned short, unsigned short, unsigned short, point_t) (conv_layer_t.h:51)
==14043==    by 0x124180: MlModule::trainMlModel(std::__cxx11::basic_string<char, std::char_traits<char>, std::allocator<char> >) (mlModule.cpp:46)
==14043==    by 0x120856: unitTestKMeans() (unitTest.cpp:204)
==14043== 
==14043== 800 bytes in 8 blocks are indirectly lost in loss record 23 of 51
==14043==    at 0x4C30B47: operator new[](unsigned long) (vg_replace_malloc.c:433)
==14043==    by 0x11D3FD: tensor_t<float>::tensor_t(tensor_t<float> const&) (tensor_t.h:26)
==14043==    by 0x12BB8E: void std::_Construct<tensor_t<float>, tensor_t<float> const&>(tensor_t<float>*, tensor_t<float> const&) (stl_construct.h:75)
==14043==    by 0x12B4FE: tensor_t<float>* std::__uninitialized_copy<false>::__uninit_copy<__gnu_cxx::__normal_iterator<tensor_t<float> const*, std::vector<tensor_t<float>, std::allocator<tensor_t<float> > > >, tensor_t<float>*>(__gnu_cxx::__normal_iterator<tensor_t<float> const*, std::vector<tensor_t<float>, std::allocator<tensor_t<float> > > >, __gnu_cxx::__normal_iterator<tensor_t<float> const*, std::vector<tensor_t<float>, std::allocator<tensor_t<float> > > >, tensor_t<float>*) (stl_uninitialized.h:83)
==14043==    by 0x12A969: tensor_t<float>* std::uninitialized_copy<__gnu_cxx::__normal_iterator<tensor_t<float> const*, std::vector<tensor_t<float>, std::allocator<tensor_t<float> > > >, tensor_t<float>*>(__gnu_cxx::__normal_iterator<tensor_t<float> const*, std::vector<tensor_t<float>, std::allocator<tensor_t<float> > > >, __gnu_cxx::__normal_iterator<tensor_t<float> const*, std::vector<tensor_t<float>, std::allocator<tensor_t<float> > > >, tensor_t<float>*) (stl_uninitialized.h:134)
==14043==    by 0x1292E6: tensor_t<float>* std::__uninitialized_copy_a<__gnu_cxx::__normal_iterator<tensor_t<float> const*, std::vector<tensor_t<float>, std::allocator<tensor_t<float> > > >, tensor_t<float>*, tensor_t<float> >(__gnu_cxx::__normal_iterator<tensor_t<float> const*, std::vector<tensor_t<float>, std::allocator<tensor_t<float> > > >, __gnu_cxx::__normal_iterator<tensor_t<float> const*, std::vector<tensor_t<float>, std::allocator<tensor_t<float> > > >, tensor_t<float>*, std::allocator<tensor_t<float> >&) (stl_uninitialized.h:289)
==14043==    by 0x127B08: std::vector<tensor_t<float>, std::allocator<tensor_t<float> > >::vector(std::vector<tensor_t<float>, std::allocator<tensor_t<float> > > const&) (stl_vector.h:331)
==14043==    by 0x126540: MlModule::load_network(char const*) (mlModule.h:203)
==14043==    by 0x123F42: MlModule::loadSavedMlModel(std::__cxx11::basic_string<char, std::char_traits<char>, std::allocator<char> >) (mlModule.cpp:34)
==14043==    by 0x120912: unitTestKMeans() (unitTest.cpp:212)
==14043==    by 0x11F648: runUnitTest() (unitTest.cpp:48)
==14043==    by 0x11983D: main (main.cpp:67)
==14043== 
==14043== 992 (192 direct, 800 indirect) bytes in 1 blocks are definitely lost in loss record 24 of 51
==14043==    at 0x4C3045A: operator new(unsigned long) (vg_replace_malloc.c:344)
==14043==    by 0x12B83C: __gnu_cxx::new_allocator<tensor_t<float> >::allocate(unsigned long, void const*) (new_allocator.h:111)
==14043==    by 0x12AE73: std::allocator_traits<std::allocator<tensor_t<float> > >::allocate(std::allocator<tensor_t<float> >&, unsigned long) (alloc_traits.h:436)
==14043==    by 0x129B3F: std::_Vector_base<tensor_t<float>, std::allocator<tensor_t<float> > >::_M_allocate(unsigned long) (stl_vector.h:172)
==14043==    by 0x128339: void std::vector<tensor_t<float>, std::allocator<tensor_t<float> > >::_M_realloc_insert<tensor_t<float> const&>(__gnu_cxx::__normal_iterator<tensor_t<float>*, std::vector<tensor_t<float>, std::allocator<tensor_t<float> > > >, tensor_t<float> const&) (vector.tcc:406)
==14043==    by 0x1272D1: std::vector<tensor_t<float>, std::allocator<tensor_t<float> > >::push_back(tensor_t<float> const&) (stl_vector.h:948)
==14043==    by 0x125553: conv_layer_t::conv_layer_t(unsigned short, unsigned short, unsigned short, point_t) (conv_layer_t.h:47)
==14043==    by 0x124180: MlModule::trainMlModel(std::__cxx11::basic_string<char, std::char_traits<char>, std::allocator<char> >) (mlModule.cpp:46)
==14043==    by 0x120856: unitTestKMeans() (unitTest.cpp:204)
==14043==    by 0x11F648: runUnitTest() (unitTest.cpp:48)
==14043==    by 0x11983D: main (main.cpp:67)
==14043== 
==14043== 992 (192 direct, 800 indirect) bytes in 1 blocks are definitely lost in loss record 25 of 51
==14043==    at 0x4C3045A: operator new(unsigned long) (vg_replace_malloc.c:344)
==14043==    by 0x12B83C: __gnu_cxx::new_allocator<tensor_t<float> >::allocate(unsigned long, void const*) (new_allocator.h:111)
==14043==    by 0x12AE73: std::allocator_traits<std::allocator<tensor_t<float> > >::allocate(std::allocator<tensor_t<float> >&, unsigned long) (alloc_traits.h:436)
==14043==    by 0x129B3F: std::_Vector_base<tensor_t<float>, std::allocator<tensor_t<float> > >::_M_allocate(unsigned long) (stl_vector.h:172)
==14043==    by 0x12A8DC: std::_Vector_base<tensor_t<float>, std::allocator<tensor_t<float> > >::_M_create_storage(unsigned long) (stl_vector.h:187)
==14043==    by 0x1291EC: std::_Vector_base<tensor_t<float>, std::allocator<tensor_t<float> > >::_Vector_base(unsigned long, std::allocator<tensor_t<float> > const&) (stl_vector.h:138)
==14043==    by 0x127ABA: std::vector<tensor_t<float>, std::allocator<tensor_t<float> > >::vector(std::vector<tensor_t<float>, std::allocator<tensor_t<float> > > const&) (stl_vector.h:328)
==14043==    by 0x126540: MlModule::load_network(char const*) (mlModule.h:203)
==14043==    by 0x123F42: MlModule::loadSavedMlModel(std::__cxx11::basic_string<char, std::char_traits<char>, std::allocator<char> >) (mlModule.cpp:34)
==14043==    by 0x120912: unitTestKMeans() (unitTest.cpp:212)
==14043==    by 0x11F648: runUnitTest() (unitTest.cpp:48)
==14043==    by 0x11983D: main (main.cpp:67)
==14043== 
==14043== 1,792 (192 direct, 1,600 indirect) bytes in 1 blocks are definitely lost in loss record 26 of 51
==14043==    at 0x4C3045A: operator new(unsigned long) (vg_replace_malloc.c:344)
==14043==    by 0x12B8E0: __gnu_cxx::new_allocator<tensor_t<gradient_t> >::allocate(unsigned long, void const*) (new_allocator.h:111)
==14043==    by 0x12B086: std::allocator_traits<std::allocator<tensor_t<gradient_t> > >::allocate(std::allocator<tensor_t<gradient_t> >&, unsigned long) (alloc_traits.h:436)
==14043==    by 0x129DA1: std::_Vector_base<tensor_t<gradient_t>, std::allocator<tensor_t<gradient_t> > >::_M_allocate(unsigned long) (stl_vector.h:172)
==14043==    by 0x128625: void std::vector<tensor_t<gradient_t>, std::allocator<tensor_t<gradient_t> > >::_M_realloc_insert<tensor_t<gradient_t> const&>(__gnu_cxx::__normal_iterator<tensor_t<gradient_t>*, std::vector<tensor_t<gradient_t>, std::allocator<tensor_t<gradient_t> > > >, tensor_t<gradient_t> const&) (vector.tcc:406)
==14043==    by 0x127431: std::vector<tensor_t<gradient_t>, std::allocator<tensor_t<gradient_t> > >::push_back(tensor_t<gradient_t> const&) (stl_vector.h:948)
==14043==    by 0x1255AA: conv_layer_t::conv_layer_t(unsigned short, unsigned short, unsigned short, point_t) (conv_layer_t.h:51)
==14043==    by 0x124180: MlModule::trainMlModel(std::__cxx11::basic_string<char, std::char_traits<char>, std::allocator<char> >) (mlModule.cpp:46)
==14043==    by 0x120856: unitTestKMeans() (unitTest.cpp:204)
==14043==    by 0x11F648: runUnitTest() (unitTest.cpp:48)
==14043==    by 0x11983D: main (main.cpp:67)
==14043== 
==14043== 2,404 bytes in 1 blocks are definitely lost in loss record 27 of 51
==14043==    at 0x4C30B47: operator new[](unsigned long) (vg_replace_malloc.c:433)
==14043==    by 0x12586A: MlModule::read_file(char const*) (mlModule.h:53)
==14043==    by 0x126B56: MlModule::test(std::vector<layer_t*, std::allocator<layer_t*> >&, char const*) (mlModule.h:255)
==14043==    by 0x12487D: MlModule::makeInference(std::__cxx11::basic_string<char, std::char_traits<char>, std::allocator<char> >) (mlModule.cpp:76)
==14043==    by 0x120970: unitTestKMeans() (unitTest.cpp:216)
==14043==    by 0x11F648: runUnitTest() (unitTest.cpp:48)
==14043==    by 0x11983D: main (main.cpp:67)
==14043== 
==14043== 3,136 bytes in 1 blocks are definitely lost in loss record 28 of 51
==14043==    at 0x4C30B47: operator new[](unsigned long) (vg_replace_malloc.c:433)
==14043==    by 0x11D2DC: tensor_t<float>::tensor_t(int, int, int) (tensor_t.h:19)
==14043==    by 0x1252FE: conv_layer_t::conv_layer_t(unsigned short, unsigned short, unsigned short, point_t) (conv_layer_t.h:27)
==14043==    by 0x124180: MlModule::trainMlModel(std::__cxx11::basic_string<char, std::char_traits<char>, std::allocator<char> >) (mlModule.cpp:46)
==14043==    by 0x120856: unitTestKMeans() (unitTest.cpp:204)
==14043==    by 0x11F648: runUnitTest() (unitTest.cpp:48)
==14043==    by 0x11983D: main (main.cpp:67)
==14043== 
==14043== 3,136 bytes in 1 blocks are definitely lost in loss record 29 of 51
==14043==    at 0x4C30B47: operator new[](unsigned long) (vg_replace_malloc.c:433)
==14043==    by 0x11D2DC: tensor_t<float>::tensor_t(int, int, int) (tensor_t.h:19)
==14043==    by 0x125316: conv_layer_t::conv_layer_t(unsigned short, unsigned short, unsigned short, point_t) (conv_layer_t.h:27)
==14043==    by 0x124180: MlModule::trainMlModel(std::__cxx11::basic_string<char, std::char_traits<char>, std::allocator<char> >) (mlModule.cpp:46)
==14043==    by 0x120856: unitTestKMeans() (unitTest.cpp:204)
==14043==    by 0x11F648: runUnitTest() (unitTest.cpp:48)
==14043==    by 0x11983D: main (main.cpp:67)
==14043== 
==14043== 3,136 bytes in 1 blocks are definitely lost in loss record 30 of 51
==14043==    at 0x4C30B47: operator new[](unsigned long) (vg_replace_malloc.c:433)
==14043==    by 0x11D3FD: tensor_t<float>::tensor_t(tensor_t<float> const&) (tensor_t.h:26)
==14043==    by 0x1256BD: conv_layer_t::conv_layer_t(tensor_t<float> const&, tensor_t<float> const&, tensor_t<float> const&, std::vector<tensor_t<float>, std::allocator<tensor_t<float> > >, unsigned short, unsigned short) (conv_layer_t.h:60)
==14043==    by 0x126591: MlModule::load_network(char const*) (mlModule.h:204)
==14043==    by 0x123F42: MlModule::loadSavedMlModel(std::__cxx11::basic_string<char, std::char_traits<char>, std::allocator<char> >) (mlModule.cpp:34)
==14043==    by 0x120912: unitTestKMeans() (unitTest.cpp:212)
==14043==    by 0x11F648: runUnitTest() (unitTest.cpp:48)
==14043==    by 0x11983D: main (main.cpp:67)
==14043== 
==14043== 3,136 bytes in 1 blocks are definitely lost in loss record 31 of 51
==14043==    at 0x4C30B47: operator new[](unsigned long) (vg_replace_malloc.c:433)
==14043==    by 0x11D3FD: tensor_t<float>::tensor_t(tensor_t<float> const&) (tensor_t.h:26)
==14043==    by 0x1256D4: conv_layer_t::conv_layer_t(tensor_t<float> const&, tensor_t<float> const&, tensor_t<float> const&, std::vector<tensor_t<float>, std::allocator<tensor_t<float> > >, unsigned short, unsigned short) (conv_layer_t.h:60)
==14043==    by 0x126591: MlModule::load_network(char const*) (mlModule.h:204)
==14043==    by 0x123F42: MlModule::loadSavedMlModel(std::__cxx11::basic_string<char, std::char_traits<char>, std::allocator<char> >) (mlModule.cpp:34)
==14043==    by 0x120912: unitTestKMeans() (unitTest.cpp:212)
==14043==    by 0x11F648: runUnitTest() (unitTest.cpp:48)
==14043==    by 0x11983D: main (main.cpp:67)
==14043== 
==14043== 4,608 bytes in 1 blocks are definitely lost in loss record 32 of 51
==14043==    at 0x4C30B47: operator new[](unsigned long) (vg_replace_malloc.c:433)
==14043==    by 0x11D2DC: tensor_t<float>::tensor_t(int, int, int) (tensor_t.h:19)
==14043==    by 0x124F5D: pool_layer_t::pool_layer_t(unsigned short, unsigned short, point_t) (pool_layer_t.h:22)
==14043==    by 0x124275: MlModule::trainMlModel(std::__cxx11::basic_string<char, std::char_traits<char>, std::allocator<char> >) (mlModule.cpp:48)
==14043==    by 0x120856: unitTestKMeans() (unitTest.cpp:204)
==14043==    by 0x11F648: runUnitTest() (unitTest.cpp:48)
==14043==    by 0x11983D: main (main.cpp:67)
==14043== 
==14043== 4,608 bytes in 1 blocks are definitely lost in loss record 33 of 51
==14043==    at 0x4C30B47: operator new[](unsigned long) (vg_replace_malloc.c:433)
==14043==    by 0x11D2DC: tensor_t<float>::tensor_t(int, int, int) (tensor_t.h:19)
==14043==    by 0x124A17: fc_layer_t::fc_layer_t(point_t, int) (fc_layer.h:23)
==14043==    by 0x1242EF: MlModule::trainMlModel(std::__cxx11::basic_string<char, std::char_traits<char>, std::allocator<char> >) (mlModule.cpp:49)
==14043==    by 0x120856: unitTestKMeans() (unitTest.cpp:204)
==14043==    by 0x11F648: runUnitTest() (unitTest.cpp:48)
==14043==    by 0x11983D: main (main.cpp:67)
==14043== 
==14043== 4,608 bytes in 1 blocks are definitely lost in loss record 34 of 51
==14043==    at 0x4C30B47: operator new[](unsigned long) (vg_replace_malloc.c:433)
==14043==    by 0x11D2DC: tensor_t<float>::tensor_t(int, int, int) (tensor_t.h:19)
==14043==    by 0x124A2F: fc_layer_t::fc_layer_t(point_t, int) (fc_layer.h:23)
==14043==    by 0x1242EF: MlModule::trainMlModel(std::__cxx11::basic_string<char, std::char_traits<char>, std::allocator<char> >) (mlModule.cpp:49)
==14043==    by 0x120856: unitTestKMeans() (unitTest.cpp:204)
==14043==    by 0x11F648: runUnitTest() (unitTest.cpp:48)
==14043==    by 0x11983D: main (main.cpp:67)
==14043== 
==14043== 4,608 bytes in 1 blocks are definitely lost in loss record 35 of 51
==14043==    at 0x4C30B47: operator new[](unsigned long) (vg_replace_malloc.c:433)
==14043==    by 0x11D3FD: tensor_t<float>::tensor_t(tensor_t<float> const&) (tensor_t.h:26)
==14043==    by 0x1250FB: pool_layer_t::pool_layer_t(tensor_t<float> const&, tensor_t<float> const&, tensor_t<float> const&, unsigned short, unsigned short) (pool_layer_t.h:37)
==14043==    by 0x126897: MlModule::load_network(char const*) (mlModule.h:240)
==14043==    by 0x123F42: MlModule::loadSavedMlModel(std::__cxx11::basic_string<char, std::char_traits<char>, std::allocator<char> >) (mlModule.cpp:34)
==14043==    by 0x120912: unitTestKMeans() (unitTest.cpp:212)
==14043==    by 0x11F648: runUnitTest() (unitTest.cpp:48)
==14043==    by 0x11983D: main (main.cpp:67)
==14043== 
==14043== 4,608 bytes in 1 blocks are definitely lost in loss record 36 of 51
==14043==    at 0x4C30B47: operator new[](unsigned long) (vg_replace_malloc.c:433)
==14043==    by 0x11D3FD: tensor_t<float>::tensor_t(tensor_t<float> const&) (tensor_t.h:26)
==14043==    by 0x124CE6: fc_layer_t::fc_layer_t(tensor_t<float> const&, tensor_t<float> const&, tensor_t<float> const&, tensor_t<float> const&) (fc_layer.h:39)
==14043==    by 0x126321: MlModule::load_network(char const*) (mlModule.h:173)
==14043==    by 0x123F42: MlModule::loadSavedMlModel(std::__cxx11::basic_string<char, std::char_traits<char>, std::allocator<char> >) (mlModule.cpp:34)
==14043==    by 0x120912: unitTestKMeans() (unitTest.cpp:212)
==14043==    by 0x11F648: runUnitTest() (unitTest.cpp:48)
==14043==    by 0x11983D: main (main.cpp:67)
==14043== 
==14043== 4,608 bytes in 1 blocks are definitely lost in loss record 37 of 51
==14043==    at 0x4C30B47: operator new[](unsigned long) (vg_replace_malloc.c:433)
==14043==    by 0x11D3FD: tensor_t<float>::tensor_t(tensor_t<float> const&) (tensor_t.h:26)
==14043==    by 0x124CFD: fc_layer_t::fc_layer_t(tensor_t<float> const&, tensor_t<float> const&, tensor_t<float> const&, tensor_t<float> const&) (fc_layer.h:39)
==14043==    by 0x126321: MlModule::load_network(char const*) (mlModule.h:173)
==14043==    by 0x123F42: MlModule::loadSavedMlModel(std::__cxx11::basic_string<char, std::char_traits<char>, std::allocator<char> >) (mlModule.cpp:34)
==14043==    by 0x120912: unitTestKMeans() (unitTest.cpp:212)
==14043==    by 0x11F648: runUnitTest() (unitTest.cpp:48)
==14043==    by 0x11983D: main (main.cpp:67)
==14043== 
==14043== 18,432 bytes in 1 blocks are definitely lost in loss record 38 of 51
==14043==    at 0x4C30B47: operator new[](unsigned long) (vg_replace_malloc.c:433)
==14043==    by 0x11D2DC: tensor_t<float>::tensor_t(int, int, int) (tensor_t.h:19)
==14043==    by 0x125355: conv_layer_t::conv_layer_t(unsigned short, unsigned short, unsigned short, point_t) (conv_layer_t.h:27)
==14043==    by 0x124180: MlModule::trainMlModel(std::__cxx11::basic_string<char, std::char_traits<char>, std::allocator<char> >) (mlModule.cpp:46)
==14043==    by 0x120856: unitTestKMeans() (unitTest.cpp:204)
==14043==    by 0x11F648: runUnitTest() (unitTest.cpp:48)
==14043==    by 0x11983D: main (main.cpp:67)
==14043== 
==14043== 18,432 bytes in 1 blocks are definitely lost in loss record 39 of 51
==14043==    at 0x4C30B47: operator new[](unsigned long) (vg_replace_malloc.c:433)
==14043==    by 0x11D2DC: tensor_t<float>::tensor_t(int, int, int) (tensor_t.h:19)
==14043==    by 0x12518A: relu_layer_t::relu_layer_t(point_t) (relu_layer_t.h:17)
==14043==    by 0x1241F5: MlModule::trainMlModel(std::__cxx11::basic_string<char, std::char_traits<char>, std::allocator<char> >) (mlModule.cpp:47)
==14043==    by 0x120856: unitTestKMeans() (unitTest.cpp:204)
==14043==    by 0x11F648: runUnitTest() (unitTest.cpp:48)
==14043==    by 0x11983D: main (main.cpp:67)
==14043== 
==14043== 18,432 bytes in 1 blocks are definitely lost in loss record 40 of 51
==14043==    at 0x4C30B47: operator new[](unsigned long) (vg_replace_malloc.c:433)
==14043==    by 0x11D2DC: tensor_t<float>::tensor_t(int, int, int) (tensor_t.h:19)
==14043==    by 0x1251A2: relu_layer_t::relu_layer_t(point_t) (relu_layer_t.h:17)
==14043==    by 0x1241F5: MlModule::trainMlModel(std::__cxx11::basic_string<char, std::char_traits<char>, std::allocator<char> >) (mlModule.cpp:47)
==14043==    by 0x120856: unitTestKMeans() (unitTest.cpp:204)
==14043==    by 0x11F648: runUnitTest() (unitTest.cpp:48)
==14043==    by 0x11983D: main (main.cpp:67)
==14043== 
==14043== 18,432 bytes in 1 blocks are definitely lost in loss record 41 of 51
==14043==    at 0x4C30B47: operator new[](unsigned long) (vg_replace_malloc.c:433)
==14043==    by 0x11D2DC: tensor_t<float>::tensor_t(int, int, int) (tensor_t.h:19)
==14043==    by 0x1251BA: relu_layer_t::relu_layer_t(point_t) (relu_layer_t.h:17)
==14043==    by 0x1241F5: MlModule::trainMlModel(std::__cxx11::basic_string<char, std::char_traits<char>, std::allocator<char> >) (mlModule.cpp:47)
==14043==    by 0x120856: unitTestKMeans() (unitTest.cpp:204)
==14043==    by 0x11F648: runUnitTest() (unitTest.cpp:48)
==14043==    by 0x11983D: main (main.cpp:67)
==14043== 
==14043== 18,432 bytes in 1 blocks are definitely lost in loss record 42 of 51
==14043==    at 0x4C30B47: operator new[](unsigned long) (vg_replace_malloc.c:433)
==14043==    by 0x11D2DC: tensor_t<float>::tensor_t(int, int, int) (tensor_t.h:19)
==14043==    by 0x124F07: pool_layer_t::pool_layer_t(unsigned short, unsigned short, point_t) (pool_layer_t.h:22)
==14043==    by 0x124275: MlModule::trainMlModel(std::__cxx11::basic_string<char, std::char_traits<char>, std::allocator<char> >) (mlModule.cpp:48)
==14043==    by 0x120856: unitTestKMeans() (unitTest.cpp:204)
==14043==    by 0x11F648: runUnitTest() (unitTest.cpp:48)
==14043==    by 0x11983D: main (main.cpp:67)
==14043== 
==14043== 18,432 bytes in 1 blocks are definitely lost in loss record 43 of 51
==14043==    at 0x4C30B47: operator new[](unsigned long) (vg_replace_malloc.c:433)
==14043==    by 0x11D2DC: tensor_t<float>::tensor_t(int, int, int) (tensor_t.h:19)
==14043==    by 0x124F1F: pool_layer_t::pool_layer_t(unsigned short, unsigned short, point_t) (pool_layer_t.h:22)
==14043==    by 0x124275: MlModule::trainMlModel(std::__cxx11::basic_string<char, std::char_traits<char>, std::allocator<char> >) (mlModule.cpp:48)
==14043==    by 0x120856: unitTestKMeans() (unitTest.cpp:204)
==14043==    by 0x11F648: runUnitTest() (unitTest.cpp:48)
==14043==    by 0x11983D: main (main.cpp:67)
==14043== 
==14043== 18,432 bytes in 1 blocks are definitely lost in loss record 44 of 51
==14043==    at 0x4C30B47: operator new[](unsigned long) (vg_replace_malloc.c:433)
==14043==    by 0x11D3FD: tensor_t<float>::tensor_t(tensor_t<float> const&) (tensor_t.h:26)
==14043==    by 0x1256EB: conv_layer_t::conv_layer_t(tensor_t<float> const&, tensor_t<float> const&, tensor_t<float> const&, std::vector<tensor_t<float>, std::allocator<tensor_t<float> > >, unsigned short, unsigned short) (conv_layer_t.h:60)
==14043==    by 0x126591: MlModule::load_network(char const*) (mlModule.h:204)
==14043==    by 0x123F42: MlModule::loadSavedMlModel(std::__cxx11::basic_string<char, std::char_traits<char>, std::allocator<char> >) (mlModule.cpp:34)
==14043==    by 0x120912: unitTestKMeans() (unitTest.cpp:212)
==14043==    by 0x11F648: runUnitTest() (unitTest.cpp:48)
==14043==    by 0x11983D: main (main.cpp:67)
==14043== 
==14043== 18,432 bytes in 1 blocks are definitely lost in loss record 45 of 51
==14043==    at 0x4C30B47: operator new[](unsigned long) (vg_replace_malloc.c:433)
==14043==    by 0x11D3FD: tensor_t<float>::tensor_t(tensor_t<float> const&) (tensor_t.h:26)
==14043==    by 0x125231: relu_layer_t::relu_layer_t(tensor_t<float> const&, tensor_t<float> const&, tensor_t<float> const&) (relu_layer_t.h:23)
==14043==    by 0x1266E1: MlModule::load_network(char const*) (mlModule.h:218)
==14043==    by 0x123F42: MlModule::loadSavedMlModel(std::__cxx11::basic_string<char, std::char_traits<char>, std::allocator<char> >) (mlModule.cpp:34)
==14043==    by 0x120912: unitTestKMeans() (unitTest.cpp:212)
==14043==    by 0x11F648: runUnitTest() (unitTest.cpp:48)
==14043==    by 0x11983D: main (main.cpp:67)
==14043== 
==14043== 18,432 bytes in 1 blocks are definitely lost in loss record 46 of 51
==14043==    at 0x4C30B47: operator new[](unsigned long) (vg_replace_malloc.c:433)
==14043==    by 0x11D3FD: tensor_t<float>::tensor_t(tensor_t<float> const&) (tensor_t.h:26)
==14043==    by 0x125248: relu_layer_t::relu_layer_t(tensor_t<float> const&, tensor_t<float> const&, tensor_t<float> const&) (relu_layer_t.h:23)
==14043==    by 0x1266E1: MlModule::load_network(char const*) (mlModule.h:218)
==14043==    by 0x123F42: MlModule::loadSavedMlModel(std::__cxx11::basic_string<char, std::char_traits<char>, std::allocator<char> >) (mlModule.cpp:34)
==14043==    by 0x120912: unitTestKMeans() (unitTest.cpp:212)
==14043==    by 0x11F648: runUnitTest() (unitTest.cpp:48)
==14043==    by 0x11983D: main (main.cpp:67)
==14043== 
==14043== 18,432 bytes in 1 blocks are definitely lost in loss record 47 of 51
==14043==    at 0x4C30B47: operator new[](unsigned long) (vg_replace_malloc.c:433)
==14043==    by 0x11D3FD: tensor_t<float>::tensor_t(tensor_t<float> const&) (tensor_t.h:26)
==14043==    by 0x12525F: relu_layer_t::relu_layer_t(tensor_t<float> const&, tensor_t<float> const&, tensor_t<float> const&) (relu_layer_t.h:23)
==14043==    by 0x1266E1: MlModule::load_network(char const*) (mlModule.h:218)
==14043==    by 0x123F42: MlModule::loadSavedMlModel(std::__cxx11::basic_string<char, std::char_traits<char>, std::allocator<char> >) (mlModule.cpp:34)
==14043==    by 0x120912: unitTestKMeans() (unitTest.cpp:212)
==14043==    by 0x11F648: runUnitTest() (unitTest.cpp:48)
==14043==    by 0x11983D: main (main.cpp:67)
==14043== 
==14043== 18,432 bytes in 1 blocks are definitely lost in loss record 48 of 51
==14043==    at 0x4C30B47: operator new[](unsigned long) (vg_replace_malloc.c:433)
==14043==    by 0x11D3FD: tensor_t<float>::tensor_t(tensor_t<float> const&) (tensor_t.h:26)
==14043==    by 0x1250CD: pool_layer_t::pool_layer_t(tensor_t<float> const&, tensor_t<float> const&, tensor_t<float> const&, unsigned short, unsigned short) (pool_layer_t.h:37)
==14043==    by 0x126897: MlModule::load_network(char const*) (mlModule.h:240)
==14043==    by 0x123F42: MlModule::loadSavedMlModel(std::__cxx11::basic_string<char, std::char_traits<char>, std::allocator<char> >) (mlModule.cpp:34)
==14043==    by 0x120912: unitTestKMeans() (unitTest.cpp:212)
==14043==    by 0x11F648: runUnitTest() (unitTest.cpp:48)
==14043==    by 0x11983D: main (main.cpp:67)
==14043== 
==14043== 18,432 bytes in 1 blocks are definitely lost in loss record 49 of 51
==14043==    at 0x4C30B47: operator new[](unsigned long) (vg_replace_malloc.c:433)
==14043==    by 0x11D3FD: tensor_t<float>::tensor_t(tensor_t<float> const&) (tensor_t.h:26)
==14043==    by 0x1250E4: pool_layer_t::pool_layer_t(tensor_t<float> const&, tensor_t<float> const&, tensor_t<float> const&, unsigned short, unsigned short) (pool_layer_t.h:37)
==14043==    by 0x126897: MlModule::load_network(char const*) (mlModule.h:240)
==14043==    by 0x123F42: MlModule::loadSavedMlModel(std::__cxx11::basic_string<char, std::char_traits<char>, std::allocator<char> >) (mlModule.cpp:34)
==14043==    by 0x120912: unitTestKMeans() (unitTest.cpp:212)
==14043==    by 0x11F648: runUnitTest() (unitTest.cpp:48)
==14043==    by 0x11983D: main (main.cpp:67)
==14043== 
==14043== 46,080 bytes in 1 blocks are definitely lost in loss record 50 of 51
==14043==    at 0x4C30B47: operator new[](unsigned long) (vg_replace_malloc.c:433)
==14043==    by 0x11D2DC: tensor_t<float>::tensor_t(int, int, int) (tensor_t.h:19)
==14043==    by 0x124A81: fc_layer_t::fc_layer_t(point_t, int) (fc_layer.h:23)
==14043==    by 0x1242EF: MlModule::trainMlModel(std::__cxx11::basic_string<char, std::char_traits<char>, std::allocator<char> >) (mlModule.cpp:49)
==14043==    by 0x120856: unitTestKMeans() (unitTest.cpp:204)
==14043==    by 0x11F648: runUnitTest() (unitTest.cpp:48)
==14043==    by 0x11983D: main (main.cpp:67)
==14043== 
==14043== 46,080 bytes in 1 blocks are definitely lost in loss record 51 of 51
==14043==    at 0x4C30B47: operator new[](unsigned long) (vg_replace_malloc.c:433)
==14043==    by 0x11D3FD: tensor_t<float>::tensor_t(tensor_t<float> const&) (tensor_t.h:26)
==14043==    by 0x124D3B: fc_layer_t::fc_layer_t(tensor_t<float> const&, tensor_t<float> const&, tensor_t<float> const&, tensor_t<float> const&) (fc_layer.h:39)
==14043==    by 0x126321: MlModule::load_network(char const*) (mlModule.h:173)
==14043==    by 0x123F42: MlModule::loadSavedMlModel(std::__cxx11::basic_string<char, std::char_traits<char>, std::allocator<char> >) (mlModule.cpp:34)
==14043==    by 0x120912: unitTestKMeans() (unitTest.cpp:212)
==14043==    by 0x11F648: runUnitTest() (unitTest.cpp:48)
==14043==    by 0x11983D: main (main.cpp:67)
==14043== 
==14043== LEAK SUMMARY:
==14043==    definitely lost: 357,268 bytes in 38 blocks
==14043==    indirectly lost: 3,200 bytes in 24 blocks
==14043==      possibly lost: 0 bytes in 0 blocks
==14043==    still reachable: 512 bytes in 6 blocks
==14043==         suppressed: 0 bytes in 0 blocks
==14043== 
==14043== Use --track-origins=yes to see where uninitialised values come from
==14043== ERROR SUMMARY: 30965 errors from 53 contexts (suppressed: 0 from 0)
==14043== 
==14043== 3 errors in context 1 of 53:
==14043== Syscall param write(buf) points to uninitialised byte(s)
==14043==    at 0x588C154: write (write.c:27)
==14043==    by 0x58071BC: _IO_file_write@@GLIBC_2.2.5 (fileops.c:1203)
==14043==    by 0x5808F50: new_do_write (fileops.c:457)
==14043==    by 0x5808F50: _IO_do_write@@GLIBC_2.2.5 (fileops.c:433)
==14043==    by 0x580830F: _IO_file_close_it@@GLIBC_2.2.5 (fileops.c:136)
==14043==    by 0x57FA386: fclose@@GLIBC_2.2.5 (iofclose.c:53)
==14043==    by 0x12C65E: UserDatabase::saveDatabaseToDisk() (userControl.cpp:96)
==14043==    by 0x12C548: UserDatabase::initializeDefaultDatabase() (userControl.cpp:69)
==14043==    by 0x12C33B: UserDatabase::loadUserDatabase(char const*) (userControl.cpp:29)
==14043==    by 0x11FFB9: unitTestUserControl() (unitTest.cpp:138)
==14043==    by 0x11F639: runUnitTest() (unitTest.cpp:45)
==14043==    by 0x11983D: main (main.cpp:67)
==14043==  Address 0x5b7f5a4 is 4 bytes inside a block of size 4,096 alloc'd
==14043==    at 0x4C2FDFB: malloc (vg_replace_malloc.c:309)
==14043==    by 0x57FA18B: _IO_file_doallocate (filedoalloc.c:101)
==14043==    by 0x580A378: _IO_doallocbuf (genops.c:365)
==14043==    by 0x5809497: _IO_file_overflow@@GLIBC_2.2.5 (fileops.c:759)
==14043==    by 0x58079EC: _IO_file_xsputn@@GLIBC_2.2.5 (fileops.c:1266)
==14043==    by 0x57FB976: fwrite (iofwrite.c:39)
==14043==    by 0x12C611: UserDatabase::saveDatabaseToDisk() (userControl.cpp:93)
==14043==    by 0x12C548: UserDatabase::initializeDefaultDatabase() (userControl.cpp:69)
==14043==    by 0x12C33B: UserDatabase::loadUserDatabase(char const*) (userControl.cpp:29)
==14043==    by 0x11FFB9: unitTestUserControl() (unitTest.cpp:138)
==14043==    by 0x11F639: runUnitTest() (unitTest.cpp:45)
==14043==    by 0x11983D: main (main.cpp:67)
==14043== 
==14043== 
==14043== 16 errors in context 2 of 53:
==14043== Invalid write of size 1
==14043==    at 0x122264: BlockCopy(unsigned char*, unsigned char*) (aes.cpp:421)
==14043==    by 0x122442: AES128_CBC_encrypt_buffer(unsigned char*, unsigned char*, unsigned int, unsigned char const*, unsigned char const*) (aes.cpp:486)
==14043==    by 0x12298C: CryptoUtil::secureEncryptFile(std::__cxx11::basic_string<char, std::char_traits<char>, std::allocator<char> >, std::__cxx11::basic_string<char, std::char_traits<char>, std::allocator<char> >) (cryptoUtil.cpp:82)
==14043==    by 0x123DA6: MlModule::saveMlModel(std::__cxx11::basic_string<char, std::char_traits<char>, std::allocator<char> >) (mlModule.cpp:25)
==14043==    by 0x1208B4: unitTestKMeans() (unitTest.cpp:208)
==14043==    by 0x11F648: runUnitTest() (unitTest.cpp:48)
==14043==    by 0x11983D: main (main.cpp:67)
==14043==  Address 0xef42580 is 0 bytes after a block of size 0 alloc'd
==14043==    at 0x4C30B47: operator new[](unsigned long) (vg_replace_malloc.c:433)
==14043==    by 0x12293C: CryptoUtil::secureEncryptFile(std::__cxx11::basic_string<char, std::char_traits<char>, std::allocator<char> >, std::__cxx11::basic_string<char, std::char_traits<char>, std::allocator<char> >) (cryptoUtil.cpp:71)
==14043==    by 0x123DA6: MlModule::saveMlModel(std::__cxx11::basic_string<char, std::char_traits<char>, std::allocator<char> >) (mlModule.cpp:25)
==14043==    by 0x1208B4: unitTestKMeans() (unitTest.cpp:208)
==14043==    by 0x11F648: runUnitTest() (unitTest.cpp:48)
==14043==    by 0x11983D: main (main.cpp:67)
==14043== 
==14043== 
==14043== 16 errors in context 3 of 53:
==14043== Invalid read of size 1
==14043==    at 0x122261: BlockCopy(unsigned char*, unsigned char*) (aes.cpp:421)
==14043==    by 0x122442: AES128_CBC_encrypt_buffer(unsigned char*, unsigned char*, unsigned int, unsigned char const*, unsigned char const*) (aes.cpp:486)
==14043==    by 0x12298C: CryptoUtil::secureEncryptFile(std::__cxx11::basic_string<char, std::char_traits<char>, std::allocator<char> >, std::__cxx11::basic_string<char, std::char_traits<char>, std::allocator<char> >) (cryptoUtil.cpp:82)
==14043==    by 0x123DA6: MlModule::saveMlModel(std::__cxx11::basic_string<char, std::char_traits<char>, std::allocator<char> >) (mlModule.cpp:25)
==14043==    by 0x1208B4: unitTestKMeans() (unitTest.cpp:208)
==14043==    by 0x11F648: runUnitTest() (unitTest.cpp:48)
==14043==    by 0x11983D: main (main.cpp:67)
==14043==  Address 0x6b6cfe0 is 0 bytes after a block of size 0 alloc'd
==14043==    at 0x4C30B47: operator new[](unsigned long) (vg_replace_malloc.c:433)
==14043==    by 0x122927: CryptoUtil::secureEncryptFile(std::__cxx11::basic_string<char, std::char_traits<char>, std::allocator<char> >, std::__cxx11::basic_string<char, std::char_traits<char>, std::allocator<char> >) (cryptoUtil.cpp:70)
==14043==    by 0x123DA6: MlModule::saveMlModel(std::__cxx11::basic_string<char, std::char_traits<char>, std::allocator<char> >) (mlModule.cpp:25)
==14043==    by 0x1208B4: unitTestKMeans() (unitTest.cpp:208)
==14043==    by 0x11F648: runUnitTest() (unitTest.cpp:48)
==14043==    by 0x11983D: main (main.cpp:67)
==14043== 
==14043== 
==14043== 16 errors in context 4 of 53:
==14043== Invalid write of size 1
==14043==    at 0x122264: BlockCopy(unsigned char*, unsigned char*) (aes.cpp:421)
==14043==    by 0x122442: AES128_CBC_encrypt_buffer(unsigned char*, unsigned char*, unsigned int, unsigned char const*, unsigned char const*) (aes.cpp:486)
==14043==    by 0x12298C: CryptoUtil::secureEncryptFile(std::__cxx11::basic_string<char, std::char_traits<char>, std::allocator<char> >, std::__cxx11::basic_string<char, std::char_traits<char>, std::allocator<char> >) (cryptoUtil.cpp:82)
==14043==    by 0x1245D6: MlModule::trainMlModel(std::__cxx11::basic_string<char, std::char_traits<char>, std::allocator<char> >) (mlModule.cpp:67)
==14043==    by 0x120856: unitTestKMeans() (unitTest.cpp:204)
==14043==    by 0x11F648: runUnitTest() (unitTest.cpp:48)
==14043==    by 0x11983D: main (main.cpp:67)
==14043==  Address 0xc4708a0 is 0 bytes after a block of size 0 alloc'd
==14043==    at 0x4C30B47: operator new[](unsigned long) (vg_replace_malloc.c:433)
==14043==    by 0x12293C: CryptoUtil::secureEncryptFile(std::__cxx11::basic_string<char, std::char_traits<char>, std::allocator<char> >, std::__cxx11::basic_string<char, std::char_traits<char>, std::allocator<char> >) (cryptoUtil.cpp:71)
==14043==    by 0x1245D6: MlModule::trainMlModel(std::__cxx11::basic_string<char, std::char_traits<char>, std::allocator<char> >) (mlModule.cpp:67)
==14043==    by 0x120856: unitTestKMeans() (unitTest.cpp:204)
==14043==    by 0x11F648: runUnitTest() (unitTest.cpp:48)
==14043==    by 0x11983D: main (main.cpp:67)
==14043== 
==14043== 
==14043== 16 errors in context 5 of 53:
==14043== Invalid read of size 1
==14043==    at 0x122261: BlockCopy(unsigned char*, unsigned char*) (aes.cpp:421)
==14043==    by 0x122442: AES128_CBC_encrypt_buffer(unsigned char*, unsigned char*, unsigned int, unsigned char const*, unsigned char const*) (aes.cpp:486)
==14043==    by 0x12298C: CryptoUtil::secureEncryptFile(std::__cxx11::basic_string<char, std::char_traits<char>, std::allocator<char> >, std::__cxx11::basic_string<char, std::char_traits<char>, std::allocator<char> >) (cryptoUtil.cpp:82)
==14043==    by 0x1245D6: MlModule::trainMlModel(std::__cxx11::basic_string<char, std::char_traits<char>, std::allocator<char> >) (mlModule.cpp:67)
==14043==    by 0x120856: unitTestKMeans() (unitTest.cpp:204)
==14043==    by 0x11F648: runUnitTest() (unitTest.cpp:48)
==14043==    by 0x11983D: main (main.cpp:67)
==14043==  Address 0xc45df10 is 0 bytes after a block of size 0 alloc'd
==14043==    at 0x4C30B47: operator new[](unsigned long) (vg_replace_malloc.c:433)
==14043==    by 0x122927: CryptoUtil::secureEncryptFile(std::__cxx11::basic_string<char, std::char_traits<char>, std::allocator<char> >, std::__cxx11::basic_string<char, std::char_traits<char>, std::allocator<char> >) (cryptoUtil.cpp:70)
==14043==    by 0x1245D6: MlModule::trainMlModel(std::__cxx11::basic_string<char, std::char_traits<char>, std::allocator<char> >) (mlModule.cpp:67)
==14043==    by 0x120856: unitTestKMeans() (unitTest.cpp:204)
==14043==    by 0x11F648: runUnitTest() (unitTest.cpp:48)
==14043==    by 0x11983D: main (main.cpp:67)
==14043== 
==14043== 
==14043== 16 errors in context 6 of 53:
==14043== Invalid write of size 1
==14043==    at 0x122264: BlockCopy(unsigned char*, unsigned char*) (aes.cpp:421)
==14043==    by 0x122442: AES128_CBC_encrypt_buffer(unsigned char*, unsigned char*, unsigned int, unsigned char const*, unsigned char const*) (aes.cpp:486)
==14043==    by 0x12298C: CryptoUtil::secureEncryptFile(std::__cxx11::basic_string<char, std::char_traits<char>, std::allocator<char> >, std::__cxx11::basic_string<char, std::char_traits<char>, std::allocator<char> >) (cryptoUtil.cpp:82)
==14043==    by 0x12452D: MlModule::trainMlModel(std::__cxx11::basic_string<char, std::char_traits<char>, std::allocator<char> >) (mlModule.cpp:66)
==14043==    by 0x120856: unitTestKMeans() (unitTest.cpp:204)
==14043==    by 0x11F648: runUnitTest() (unitTest.cpp:48)
==14043==    by 0x11983D: main (main.cpp:67)
==14043==  Address 0xc4138d0 is 0 bytes after a block of size 0 alloc'd
==14043==    at 0x4C30B47: operator new[](unsigned long) (vg_replace_malloc.c:433)
==14043==    by 0x12293C: CryptoUtil::secureEncryptFile(std::__cxx11::basic_string<char, std::char_traits<char>, std::allocator<char> >, std::__cxx11::basic_string<char, std::char_traits<char>, std::allocator<char> >) (cryptoUtil.cpp:71)
==14043==    by 0x12452D: MlModule::trainMlModel(std::__cxx11::basic_string<char, std::char_traits<char>, std::allocator<char> >) (mlModule.cpp:66)
==14043==    by 0x120856: unitTestKMeans() (unitTest.cpp:204)
==14043==    by 0x11F648: runUnitTest() (unitTest.cpp:48)
==14043==    by 0x11983D: main (main.cpp:67)
==14043== 
==14043== 
==14043== 16 errors in context 7 of 53:
==14043== Invalid read of size 1
==14043==    at 0x122261: BlockCopy(unsigned char*, unsigned char*) (aes.cpp:421)
==14043==    by 0x122442: AES128_CBC_encrypt_buffer(unsigned char*, unsigned char*, unsigned int, unsigned char const*, unsigned char const*) (aes.cpp:486)
==14043==    by 0x12298C: CryptoUtil::secureEncryptFile(std::__cxx11::basic_string<char, std::char_traits<char>, std::allocator<char> >, std::__cxx11::basic_string<char, std::char_traits<char>, std::allocator<char> >) (cryptoUtil.cpp:82)
==14043==    by 0x12452D: MlModule::trainMlModel(std::__cxx11::basic_string<char, std::char_traits<char>, std::allocator<char> >) (mlModule.cpp:66)
==14043==    by 0x120856: unitTestKMeans() (unitTest.cpp:204)
==14043==    by 0x11F648: runUnitTest() (unitTest.cpp:48)
==14043==    by 0x11983D: main (main.cpp:67)
==14043==  Address 0xaea44b0 is 0 bytes after a block of size 0 alloc'd
==14043==    at 0x4C30B47: operator new[](unsigned long) (vg_replace_malloc.c:433)
==14043==    by 0x122927: CryptoUtil::secureEncryptFile(std::__cxx11::basic_string<char, std::char_traits<char>, std::allocator<char> >, std::__cxx11::basic_string<char, std::char_traits<char>, std::allocator<char> >) (cryptoUtil.cpp:70)
==14043==    by 0x12452D: MlModule::trainMlModel(std::__cxx11::basic_string<char, std::char_traits<char>, std::allocator<char> >) (mlModule.cpp:66)
==14043==    by 0x120856: unitTestKMeans() (unitTest.cpp:204)
==14043==    by 0x11F648: runUnitTest() (unitTest.cpp:48)
==14043==    by 0x11983D: main (main.cpp:67)
==14043== 
==14043== 
==14043== 44 errors in context 8 of 53:
==14043== Use of uninitialised value of size 8
==14043==    at 0x12108E: getSBoxValue(unsigned char) (aes.cpp:148)
==14043==    by 0x12145D: SubBytes() (aes.cpp:231)
==14043==    by 0x1221A5: Cipher() (aes.cpp:382)
==14043==    by 0x1224B4: AES128_CBC_encrypt_buffer(unsigned char*, unsigned char*, unsigned int, unsigned char const*, unsigned char const*) (aes.cpp:503)
==14043==    by 0x12298C: CryptoUtil::secureEncryptFile(std::__cxx11::basic_string<char, std::char_traits<char>, std::allocator<char> >, std::__cxx11::basic_string<char, std::char_traits<char>, std::allocator<char> >) (cryptoUtil.cpp:82)
==14043==    by 0x12042A: unitTestCryptoUtil() (unitTest.cpp:181)
==14043==    by 0x11F63E: runUnitTest() (unitTest.cpp:46)
==14043==    by 0x11983D: main (main.cpp:67)
==14043== 
==14043== 
==14043== 784 errors in context 9 of 53:
==14043== Invalid read of size 4
==14043==    at 0x118C47: tensor_to_string(tensor_t<float>&) (tensor_t.h:118)
==14043==    by 0x11CAEE: conv_layer_t::toString[abi:cxx11]() (conv_layer_t.h:174)
==14043==    by 0x123BC9: toString(layer_t*) (cnn.h:80)
==14043==    by 0x12606E: MlModule::save_network(std::vector<layer_t*, std::allocator<layer_t*> > const&, char const*) (mlModule.h:136)
==14043==    by 0x123CD7: MlModule::saveMlModel(std::__cxx11::basic_string<char, std::char_traits<char>, std::allocator<char> >) (mlModule.cpp:22)
==14043==    by 0x1208B4: unitTestKMeans() (unitTest.cpp:208)
==14043==    by 0x11F648: runUnitTest() (unitTest.cpp:48)
==14043==    by 0x11983D: main (main.cpp:67)
==14043==  Address 0xdfe7b60 is 0 bytes inside a block of size 3,136 free'd
==14043==    at 0x4C31B16: operator delete[](void*) (vg_replace_malloc.c:651)
==14043==    by 0x11D32E: tensor_t<float>::~tensor_t() (tensor_t.h:76)
==14043==    by 0x12590F: MlModule::case_t::~case_t() (mlModule.h:40)
==14043==    by 0x12B95A: void std::_Destroy<MlModule::case_t>(MlModule::case_t*) (stl_construct.h:98)
==14043==    by 0x12B1FA: void std::_Destroy_aux<false>::__destroy<MlModule::case_t*>(MlModule::case_t*, MlModule::case_t*) (stl_construct.h:108)
==14043==    by 0x129F95: void std::_Destroy<MlModule::case_t*>(MlModule::case_t*, MlModule::case_t*) (stl_construct.h:137)
==14043==    by 0x12896E: void std::_Destroy<MlModule::case_t*, MlModule::case_t>(MlModule::case_t*, MlModule::case_t*, std::allocator<MlModule::case_t>&) (stl_construct.h:206)
==14043==    by 0x1274CC: std::vector<MlModule::case_t, std::allocator<MlModule::case_t> >::~vector() (stl_vector.h:434)
==14043==    by 0x12461D: MlModule::trainMlModel(std::__cxx11::basic_string<char, std::char_traits<char>, std::allocator<char> >) (mlModule.cpp:44)
==14043==    by 0x120856: unitTestKMeans() (unitTest.cpp:204)
==14043==    by 0x11F648: runUnitTest() (unitTest.cpp:48)
==14043==    by 0x11983D: main (main.cpp:67)
==14043==  Block was alloc'd at
==14043==    at 0x4C30B47: operator new[](unsigned long) (vg_replace_malloc.c:433)
==14043==    by 0x11D3FD: tensor_t<float>::tensor_t(tensor_t<float> const&) (tensor_t.h:26)
==14043==    by 0x129FBD: MlModule::case_t::case_t(MlModule::case_t const&) (mlModule.h:40)
==14043==    by 0x12A047: void __gnu_cxx::new_allocator<MlModule::case_t>::construct<MlModule::case_t, MlModule::case_t const&>(MlModule::case_t*, MlModule::case_t const&) (new_allocator.h:136)
==14043==    by 0x1289B5: void std::allocator_traits<std::allocator<MlModule::case_t> >::construct<MlModule::case_t, MlModule::case_t const&>(std::allocator<MlModule::case_t>&, MlModule::case_t*, MlModule::case_t const&) (alloc_traits.h:475)
==14043==    by 0x12751B: std::vector<MlModule::case_t, std::allocator<MlModule::case_t> >::push_back(MlModule::case_t const&) (stl_vector.h:943)
==14043==    by 0x125B49: MlModule::read_test_cases() (mlModule.h:80)
==14043==    by 0x124116: MlModule::trainMlModel(std::__cxx11::basic_string<char, std::char_traits<char>, std::allocator<char> >) (mlModule.cpp:44)
==14043==    by 0x120856: unitTestKMeans() (unitTest.cpp:204)
==14043==    by 0x11F648: runUnitTest() (unitTest.cpp:48)
==14043==    by 0x11983D: main (main.cpp:67)
==14043== 
==14043== 
==14043== 1500 errors in context 10 of 53:
==14043== Use of uninitialised value of size 8
==14043==    at 0x12108E: getSBoxValue(unsigned char) (aes.cpp:148)
==14043==    by 0x12124C: KeyExpansion() (aes.cpp:194)
==14043==    by 0x12236E: AES128_ECB_encrypt(unsigned char*, unsigned char const*, unsigned char*) (aes.cpp:449)
==14043==    by 0x1222C4: AES128_ECB_encrypt_buffer(unsigned char*, unsigned char*, unsigned int, unsigned char const*) (aes.cpp:434)
==14043==    by 0x12C5CB: UserDatabase::saveDatabaseToDisk() (userControl.cpp:83)
==14043==    by 0x12C548: UserDatabase::initializeDefaultDatabase() (userControl.cpp:69)
==14043==    by 0x12C33B: UserDatabase::loadUserDatabase(char const*) (userControl.cpp:29)
==14043==    by 0x11FFB9: unitTestUserControl() (unitTest.cpp:138)
==14043==    by 0x11F639: runUnitTest() (unitTest.cpp:45)
==14043==    by 0x11983D: main (main.cpp:67)
==14043== 
==14043== 
==14043== 1500 errors in context 11 of 53:
==14043== Use of uninitialised value of size 8
==14043==    at 0x12108E: getSBoxValue(unsigned char) (aes.cpp:148)
==14043==    by 0x12123B: KeyExpansion() (aes.cpp:193)
==14043==    by 0x12236E: AES128_ECB_encrypt(unsigned char*, unsigned char const*, unsigned char*) (aes.cpp:449)
==14043==    by 0x1222C4: AES128_ECB_encrypt_buffer(unsigned char*, unsigned char*, unsigned int, unsigned char const*) (aes.cpp:434)
==14043==    by 0x12C5CB: UserDatabase::saveDatabaseToDisk() (userControl.cpp:83)
==14043==    by 0x12C548: UserDatabase::initializeDefaultDatabase() (userControl.cpp:69)
==14043==    by 0x12C33B: UserDatabase::loadUserDatabase(char const*) (userControl.cpp:29)
==14043==    by 0x11FFB9: unitTestUserControl() (unitTest.cpp:138)
==14043==    by 0x11F639: runUnitTest() (unitTest.cpp:45)
==14043==    by 0x11983D: main (main.cpp:67)
==14043== 
==14043== 
==14043== 1500 errors in context 12 of 53:
==14043== Use of uninitialised value of size 8
==14043==    at 0x12108E: getSBoxValue(unsigned char) (aes.cpp:148)
==14043==    by 0x12122A: KeyExpansion() (aes.cpp:192)
==14043==    by 0x12236E: AES128_ECB_encrypt(unsigned char*, unsigned char const*, unsigned char*) (aes.cpp:449)
==14043==    by 0x1222C4: AES128_ECB_encrypt_buffer(unsigned char*, unsigned char*, unsigned int, unsigned char const*) (aes.cpp:434)
==14043==    by 0x12C5CB: UserDatabase::saveDatabaseToDisk() (userControl.cpp:83)
==14043==    by 0x12C548: UserDatabase::initializeDefaultDatabase() (userControl.cpp:69)
==14043==    by 0x12C33B: UserDatabase::loadUserDatabase(char const*) (userControl.cpp:29)
==14043==    by 0x11FFB9: unitTestUserControl() (unitTest.cpp:138)
==14043==    by 0x11F639: runUnitTest() (unitTest.cpp:45)
==14043==    by 0x11983D: main (main.cpp:67)
==14043== 
==14043== 
==14043== 1500 errors in context 13 of 53:
==14043== Use of uninitialised value of size 8
==14043==    at 0x12108E: getSBoxValue(unsigned char) (aes.cpp:148)
==14043==    by 0x121219: KeyExpansion() (aes.cpp:191)
==14043==    by 0x12236E: AES128_ECB_encrypt(unsigned char*, unsigned char const*, unsigned char*) (aes.cpp:449)
==14043==    by 0x1222C4: AES128_ECB_encrypt_buffer(unsigned char*, unsigned char*, unsigned int, unsigned char const*) (aes.cpp:434)
==14043==    by 0x12C5CB: UserDatabase::saveDatabaseToDisk() (userControl.cpp:83)
==14043==    by 0x12C548: UserDatabase::initializeDefaultDatabase() (userControl.cpp:69)
==14043==    by 0x12C33B: UserDatabase::loadUserDatabase(char const*) (userControl.cpp:29)
==14043==    by 0x11FFB9: unitTestUserControl() (unitTest.cpp:138)
==14043==    by 0x11F639: runUnitTest() (unitTest.cpp:45)
==14043==    by 0x11983D: main (main.cpp:67)
==14043== 
==14043== 
==14043== 2400 errors in context 14 of 53:
==14043== Use of uninitialised value of size 8
==14043==    at 0x12108E: getSBoxValue(unsigned char) (aes.cpp:148)
==14043==    by 0x12145D: SubBytes() (aes.cpp:231)
==14043==    by 0x1221C5: Cipher() (aes.cpp:390)
==14043==    by 0x122373: AES128_ECB_encrypt(unsigned char*, unsigned char const*, unsigned char*) (aes.cpp:452)
==14043==    by 0x1222C4: AES128_ECB_encrypt_buffer(unsigned char*, unsigned char*, unsigned int, unsigned char const*) (aes.cpp:434)
==14043==    by 0x12C5CB: UserDatabase::saveDatabaseToDisk() (userControl.cpp:83)
==14043==    by 0x12C548: UserDatabase::initializeDefaultDatabase() (userControl.cpp:69)
==14043==    by 0x12C33B: UserDatabase::loadUserDatabase(char const*) (userControl.cpp:29)
==14043==    by 0x11FFB9: unitTestUserControl() (unitTest.cpp:138)
==14043==    by 0x11F639: runUnitTest() (unitTest.cpp:45)
==14043==    by 0x11983D: main (main.cpp:67)
==14043== 
==14043== 
==14043== 21600 errors in context 15 of 53:
==14043== Use of uninitialised value of size 8
==14043==    at 0x12108E: getSBoxValue(unsigned char) (aes.cpp:148)
==14043==    by 0x12145D: SubBytes() (aes.cpp:231)
==14043==    by 0x1221A5: Cipher() (aes.cpp:382)
==14043==    by 0x122373: AES128_ECB_encrypt(unsigned char*, unsigned char const*, unsigned char*) (aes.cpp:452)
==14043==    by 0x1222C4: AES128_ECB_encrypt_buffer(unsigned char*, unsigned char*, unsigned int, unsigned char const*) (aes.cpp:434)
==14043==    by 0x12C5CB: UserDatabase::saveDatabaseToDisk() (userControl.cpp:83)
==14043==    by 0x12C548: UserDatabase::initializeDefaultDatabase() (userControl.cpp:69)
==14043==    by 0x12C33B: UserDatabase::loadUserDatabase(char const*) (userControl.cpp:29)
==14043==    by 0x11FFB9: unitTestUserControl() (unitTest.cpp:138)
==14043==    by 0x11F639: runUnitTest() (unitTest.cpp:45)
==14043==    by 0x11983D: main (main.cpp:67)
==14043== 
==14043== ERROR SUMMARY: 30965 errors from 53 contexts (suppressed: 0 from 0)
